2024-12-23 14:47:59 [main] INFO  t.c.library.LibraryApplication - Starting LibraryApplication using Java 1.8.0_401 on LAPTOP-GUB0QBS8 with PID 24140 (F:\JavaCode\library\target\classes started by 曾维晔 in F:\JavaCode\library)
2024-12-23 14:47:59 [main] INFO  t.c.library.LibraryApplication - No active profile set, falling back to 1 default profile: "default"
2024-12-23 14:48:00 [main] INFO  o.s.d.r.c.RepositoryConfigurationDelegate - Bootstrapping Spring Data JPA repositories in DEFAULT mode.
2024-12-23 14:48:00 [main] INFO  o.s.d.r.c.RepositoryConfigurationDelegate - Finished Spring Data repository scanning in 59 ms. Found 5 JPA repository interfaces.
2024-12-23 14:48:00 [main] INFO  o.s.b.w.e.tomcat.TomcatWebServer - Tomcat initialized with port(s): 8081 (http)
2024-12-23 14:48:00 [main] INFO  o.a.coyote.http11.Http11NioProtocol - Initializing ProtocolHandler ["http-nio-8081"]
2024-12-23 14:48:00 [main] INFO  o.a.catalina.core.StandardService - Starting service [Tomcat]
2024-12-23 14:48:00 [main] INFO  o.a.catalina.core.StandardEngine - Starting Servlet engine: [Apache Tomcat/9.0.68]
2024-12-23 14:48:00 [main] INFO  o.a.c.c.C.[Tomcat].[localhost].[/] - Initializing Spring embedded WebApplicationContext
2024-12-23 14:48:00 [main] INFO  o.s.b.w.s.c.ServletWebServerApplicationContext - Root WebApplicationContext: initialization completed in 1390 ms
2024-12-23 14:48:01 [main] DEBUG o.s.jdbc.datasource.DataSourceUtils - Fetching JDBC Connection from DataSource
2024-12-23 14:48:01 [main] INFO  com.zaxxer.hikari.HikariDataSource - HikariPool-1 - Starting...
2024-12-23 14:48:03 [main] INFO  com.zaxxer.hikari.HikariDataSource - HikariPool-1 - Start completed.
2024-12-23 14:48:03 [main] INFO  o.h.jpa.internal.util.LogHelper - HHH000204: Processing PersistenceUnitInfo [name: default]
2024-12-23 14:48:04 [main] INFO  org.hibernate.Version - HHH000412: Hibernate ORM core version 5.6.12.Final
2024-12-23 14:48:04 [main] INFO  o.h.annotations.common.Version - HCANN000001: Hibernate Commons Annotations {5.1.2.Final}
2024-12-23 14:48:04 [main] INFO  org.hibernate.dialect.Dialect - HHH000400: Using dialect: org.hibernate.dialect.MySQL8Dialect
2024-12-23 14:48:04 [main] INFO  o.h.e.t.j.p.i.JtaPlatformInitiator - HHH000490: Using JtaPlatform implementation: [org.hibernate.engine.transaction.jta.platform.internal.NoJtaPlatform]
2024-12-23 14:48:04 [main] INFO  o.s.o.j.LocalContainerEntityManagerFactoryBean - Initialized JPA EntityManagerFactory for persistence unit 'default'
2024-12-23 14:48:05 [main] WARN  o.s.b.a.o.j.JpaBaseConfiguration$JpaWebConfiguration - spring.jpa.open-in-view is enabled by default. Therefore, database queries may be performed during view rendering. Explicitly configure spring.jpa.open-in-view to disable this warning
2024-12-23 14:48:05 [main] DEBUG o.s.w.s.m.m.a.RequestMappingHandlerAdapter - ControllerAdvice beans: 0 @ModelAttribute, 0 @InitBinder, 1 RequestBodyAdvice, 1 ResponseBodyAdvice
2024-12-23 14:48:05 [main] DEBUG o.s.w.s.m.m.a.RequestMappingHandlerMapping - 17 mappings in 'requestMappingHandlerMapping'
2024-12-23 14:48:05 [main] INFO  o.s.b.a.w.s.WelcomePageHandlerMapping - Adding welcome page template: index
2024-12-23 14:48:05 [main] DEBUG o.s.w.s.h.SimpleUrlHandlerMapping - Patterns [/webjars/**, /**] in 'resourceHandlerMapping'
2024-12-23 14:48:05 [main] DEBUG o.s.w.s.m.m.a.ExceptionHandlerExceptionResolver - ControllerAdvice beans: 0 @ExceptionHandler, 1 ResponseBodyAdvice
2024-12-23 14:48:05 [main] INFO  o.a.coyote.http11.Http11NioProtocol - Starting ProtocolHandler ["http-nio-8081"]
2024-12-23 14:48:05 [main] INFO  o.s.b.w.e.tomcat.TomcatWebServer - Tomcat started on port(s): 8081 (http) with context path ''
2024-12-23 14:48:05 [main] INFO  t.c.library.LibraryApplication - Started LibraryApplication in 6.618 seconds (JVM running for 9.993)
2024-12-23 14:58:22 [http-nio-8081-exec-1] INFO  o.a.c.c.C.[Tomcat].[localhost].[/] - Initializing Spring DispatcherServlet 'dispatcherServlet'
2024-12-23 14:58:22 [http-nio-8081-exec-1] INFO  o.s.web.servlet.DispatcherServlet - Initializing Servlet 'dispatcherServlet'
2024-12-23 14:58:22 [http-nio-8081-exec-1] DEBUG o.s.web.servlet.DispatcherServlet - Detected StandardServletMultipartResolver
2024-12-23 14:58:22 [http-nio-8081-exec-1] DEBUG o.s.web.servlet.DispatcherServlet - Detected AcceptHeaderLocaleResolver
2024-12-23 14:58:22 [http-nio-8081-exec-1] DEBUG o.s.web.servlet.DispatcherServlet - Detected FixedThemeResolver
2024-12-23 14:58:22 [http-nio-8081-exec-1] DEBUG o.s.web.servlet.DispatcherServlet - Detected org.springframework.web.servlet.view.DefaultRequestToViewNameTranslator@5c573229
2024-12-23 14:58:22 [http-nio-8081-exec-1] DEBUG o.s.web.servlet.DispatcherServlet - Detected org.springframework.web.servlet.support.SessionFlashMapManager@19faedcc
2024-12-23 14:58:22 [http-nio-8081-exec-1] DEBUG o.s.web.servlet.DispatcherServlet - enableLoggingRequestDetails='false': request parameters and headers will be masked to prevent unsafe logging of potentially sensitive data
2024-12-23 14:58:22 [http-nio-8081-exec-1] INFO  o.s.web.servlet.DispatcherServlet - Completed initialization in 1 ms
2024-12-23 14:58:22 [http-nio-8081-exec-1] DEBUG o.s.web.servlet.DispatcherServlet - GET "/", parameters={}
2024-12-23 14:58:22 [http-nio-8081-exec-1] DEBUG o.s.w.s.m.m.a.RequestMappingHandlerMapping - Mapped to top.cengweiye.library.Controller.BookController#getBooks(int, int, String, Model)
2024-12-23 14:58:22 [http-nio-8081-exec-1] DEBUG o.s.jdbc.datasource.DataSourceUtils - Setting JDBC Connection [HikariProxyConnection@1446275390 wrapping com.mysql.cj.jdbc.ConnectionImpl@481a6620] read-only
2024-12-23 14:58:22 [http-nio-8081-exec-1] DEBUG org.hibernate.SQL - select book0_.book_id as book_id1_2_, book0_.book_name as book_nam2_2_, book0_.bookrack_id as bookrack3_2_, book0_.publication_date as publicat4_2_, book0_.publisher as publishe5_2_, book0_.status as status6_2_ from books book0_ limit ?
2024-12-23 14:58:22 [http-nio-8081-exec-1] DEBUG org.hibernate.SQL - select count(book0_.book_id) as col_0_0_ from books book0_
2024-12-23 14:58:22 [http-nio-8081-exec-1] DEBUG o.s.jdbc.datasource.DataSourceUtils - Resetting read-only flag of JDBC Connection [HikariProxyConnection@1446275390 wrapping com.mysql.cj.jdbc.ConnectionImpl@481a6620]
2024-12-23 14:58:22 [http-nio-8081-exec-1] DEBUG o.s.w.s.v.ContentNegotiatingViewResolver - Selected 'text/html' given [text/html, application/xhtml+xml, image/avif, image/webp, image/apng, application/xml;q=0.9, application/signed-exchange;v=b3;q=0.7, */*;q=0.8]
2024-12-23 14:58:22 [http-nio-8081-exec-1] DEBUG o.s.web.servlet.DispatcherServlet - Completed 200 OK
2024-12-23 14:58:23 [http-nio-8081-exec-2] DEBUG o.s.web.servlet.DispatcherServlet - GET "/css/style.css", parameters={}
2024-12-23 14:58:23 [http-nio-8081-exec-3] DEBUG o.s.web.servlet.DispatcherServlet - GET "/css/list.css", parameters={}
2024-12-23 14:58:23 [http-nio-8081-exec-4] DEBUG o.s.web.servlet.DispatcherServlet - GET "/css/bootstrap.min.css", parameters={}
2024-12-23 14:58:23 [http-nio-8081-exec-6] DEBUG o.s.web.servlet.DispatcherServlet - GET "/images/logo.png", parameters={}
2024-12-23 14:58:23 [http-nio-8081-exec-2] DEBUG o.s.w.s.h.SimpleUrlHandlerMapping - Mapped to ResourceHttpRequestHandler [classpath [META-INF/resources/], classpath [resources/], classpath [static/], classpath [public/], ServletContext [/]]
2024-12-23 14:58:23 [http-nio-8081-exec-4] DEBUG o.s.w.s.h.SimpleUrlHandlerMapping - Mapped to ResourceHttpRequestHandler [classpath [META-INF/resources/], classpath [resources/], classpath [static/], classpath [public/], ServletContext [/]]
2024-12-23 14:58:23 [http-nio-8081-exec-3] DEBUG o.s.w.s.h.SimpleUrlHandlerMapping - Mapped to ResourceHttpRequestHandler [classpath [META-INF/resources/], classpath [resources/], classpath [static/], classpath [public/], ServletContext [/]]
2024-12-23 14:58:23 [http-nio-8081-exec-6] DEBUG o.s.w.s.h.SimpleUrlHandlerMapping - Mapped to ResourceHttpRequestHandler [classpath [META-INF/resources/], classpath [resources/], classpath [static/], classpath [public/], ServletContext [/]]
2024-12-23 14:58:23 [http-nio-8081-exec-2] DEBUG o.s.web.servlet.DispatcherServlet - Completed 200 OK
2024-12-23 14:58:23 [http-nio-8081-exec-3] DEBUG o.s.web.servlet.DispatcherServlet - Completed 200 OK
2024-12-23 14:58:23 [http-nio-8081-exec-6] DEBUG o.s.web.servlet.DispatcherServlet - Completed 200 OK
2024-12-23 14:58:23 [http-nio-8081-exec-4] DEBUG o.s.web.servlet.DispatcherServlet - Completed 200 OK
2024-12-23 14:58:23 [http-nio-8081-exec-5] DEBUG o.s.web.servlet.DispatcherServlet - GET "/favicon.ico", parameters={}
2024-12-23 14:58:23 [http-nio-8081-exec-5] DEBUG o.s.w.s.h.SimpleUrlHandlerMapping - Mapped to ResourceHttpRequestHandler [classpath [META-INF/resources/], classpath [resources/], classpath [static/], classpath [public/], ServletContext [/]]
2024-12-23 14:58:23 [http-nio-8081-exec-5] DEBUG o.s.w.s.r.ResourceHttpRequestHandler - Resource not found
2024-12-23 14:58:23 [http-nio-8081-exec-5] DEBUG o.s.web.servlet.DispatcherServlet - Completed 404 NOT_FOUND
2024-12-23 14:58:23 [http-nio-8081-exec-5] DEBUG o.s.web.servlet.DispatcherServlet - "ERROR" dispatch for GET "/error", parameters={}
2024-12-23 14:58:23 [http-nio-8081-exec-5] DEBUG o.s.w.s.m.m.a.RequestMappingHandlerMapping - Mapped to org.springframework.boot.autoconfigure.web.servlet.error.BasicErrorController#error(HttpServletRequest)
2024-12-23 14:58:23 [http-nio-8081-exec-5] DEBUG o.s.w.s.m.m.a.HttpEntityMethodProcessor - Using 'application/json;q=0.8', given [image/avif, image/webp, image/apng, image/svg+xml, image/*, */*;q=0.8] and supported [application/json, application/*+json, application/json, application/*+json]
2024-12-23 14:58:23 [http-nio-8081-exec-5] DEBUG o.s.w.s.m.m.a.HttpEntityMethodProcessor - Writing [{timestamp=Mon Dec 23 14:58:23 CST 2024, status=404, error=Not Found, path=/favicon.ico}]
2024-12-23 14:58:23 [http-nio-8081-exec-5] DEBUG o.s.web.servlet.DispatcherServlet - Exiting from "ERROR" dispatch, status 404
2024-12-23 14:58:25 [http-nio-8081-exec-8] DEBUG o.s.web.servlet.DispatcherServlet - GET "/person", parameters={}
2024-12-23 14:58:25 [http-nio-8081-exec-8] DEBUG o.s.w.s.m.m.a.RequestMappingHandlerMapping - Mapped to top.cengweiye.library.Controller.PersonController#getperson(int, int, Model, HttpServletRequest)
2024-12-23 14:58:25 [http-nio-8081-exec-8] DEBUG org.hibernate.SQL - select reader0_.borrow_book_id as borrow_b1_5_, reader0_.address as address2_5_, reader0_.age as age3_5_, reader0_.name as name4_5_, reader0_.password as password5_5_, reader0_.role as role6_5_, reader0_.sex as sex7_5_ from reader reader0_ where reader0_.name=?
2024-12-23 14:58:25 [http-nio-8081-exec-8] TRACE o.h.type.descriptor.sql.BasicBinder - binding parameter [1] as [VARCHAR] - [admin]
2024-12-23 14:58:25 [http-nio-8081-exec-8] DEBUG org.hibernate.SQL - select borrow0_.book_id as book_id1_3_, borrow0_.borrow_book_id as borrow_b2_3_, borrow0_.borrow_date as borrow_d3_3_, borrow0_.return_date as return_d4_3_ from borrow borrow0_ where borrow0_.borrow_book_id=? limit ?
2024-12-23 14:58:25 [http-nio-8081-exec-8] TRACE o.h.type.descriptor.sql.BasicBinder - binding parameter [1] as [INTEGER] - [2]
2024-12-23 14:58:25 [http-nio-8081-exec-8] DEBUG o.s.w.s.v.ContentNegotiatingViewResolver - Selected 'text/html' given [text/html, application/xhtml+xml, image/avif, image/webp, image/apng, application/xml;q=0.9, application/signed-exchange;v=b3;q=0.7, */*;q=0.8]
2024-12-23 14:58:25 [http-nio-8081-exec-8] DEBUG o.s.web.servlet.DispatcherServlet - Completed 200 OK
2024-12-23 14:58:26 [http-nio-8081-exec-7] DEBUG o.s.web.servlet.DispatcherServlet - POST "/reader/logout", parameters={}
2024-12-23 14:58:26 [http-nio-8081-exec-7] DEBUG o.s.w.s.m.m.a.RequestMappingHandlerMapping - Mapped to top.cengweiye.library.Controller.ReaderController#logoutController(HttpServletRequest, HttpServletResponse)
2024-12-23 14:58:26 [http-nio-8081-exec-7] DEBUG org.hibernate.SQL - insert into logs (dev_info, ip, name, op, op_time) values (?, ?, ?, ?, ?)
2024-12-23 14:58:26 [http-nio-8081-exec-7] TRACE o.h.type.descriptor.sql.BasicBinder - binding parameter [1] as [VARCHAR] - [Mozilla/5.0 (Windows NT 10.0; Win64; x64) AppleWebKit/537.36 (KHTML, like Gecko) Chrome/131.0.0.0 Safari/537.36]
2024-12-23 14:58:26 [http-nio-8081-exec-7] TRACE o.h.type.descriptor.sql.BasicBinder - binding parameter [2] as [VARCHAR] - [0:0:0:0:0:0:0:1]
2024-12-23 14:58:26 [http-nio-8081-exec-7] TRACE o.h.type.descriptor.sql.BasicBinder - binding parameter [3] as [VARCHAR] - [admin]
2024-12-23 14:58:26 [http-nio-8081-exec-7] TRACE o.h.type.descriptor.sql.BasicBinder - binding parameter [4] as [VARCHAR] - [注销]
2024-12-23 14:58:26 [http-nio-8081-exec-7] TRACE o.h.type.descriptor.sql.BasicBinder - binding parameter [5] as [TIMESTAMP] - [2024-12-23T14:58:26.143]
2024-12-23 14:58:26 [http-nio-8081-exec-7] DEBUG o.s.w.s.m.m.a.RequestResponseBodyMethodProcessor - Using 'application/json', given [*/*] and supported [application/json, application/*+json, application/json, application/*+json]
2024-12-23 14:58:26 [http-nio-8081-exec-7] DEBUG o.s.w.s.m.m.a.RequestResponseBodyMethodProcessor - Writing [top.cengweiye.library.Utilities.Result@19732c35]
2024-12-23 14:58:26 [http-nio-8081-exec-7] DEBUG o.s.web.servlet.DispatcherServlet - Completed 200 OK
2024-12-23 14:58:26 [http-nio-8081-exec-9] DEBUG o.s.web.servlet.DispatcherServlet - GET "/login.html", parameters={}
2024-12-23 14:58:26 [http-nio-8081-exec-9] DEBUG o.s.w.s.h.SimpleUrlHandlerMapping - Mapped to ResourceHttpRequestHandler [classpath [META-INF/resources/], classpath [resources/], classpath [static/], classpath [public/], ServletContext [/]]
2024-12-23 14:58:26 [http-nio-8081-exec-9] DEBUG o.s.web.servlet.DispatcherServlet - Completed 200 OK
2024-12-23 14:58:26 [http-nio-8081-exec-10] DEBUG o.s.web.servlet.DispatcherServlet - GET "/css/login.css", parameters={}
2024-12-23 14:58:26 [http-nio-8081-exec-1] DEBUG o.s.web.servlet.DispatcherServlet - GET "/js/jquery.min.js", parameters={}
2024-12-23 14:58:26 [http-nio-8081-exec-3] DEBUG o.s.web.servlet.DispatcherServlet - GET "/images/computer.png", parameters={}
2024-12-23 14:58:26 [http-nio-8081-exec-3] DEBUG o.s.w.s.h.SimpleUrlHandlerMapping - Mapped to ResourceHttpRequestHandler [classpath [META-INF/resources/], classpath [resources/], classpath [static/], classpath [public/], ServletContext [/]]
2024-12-23 14:58:26 [http-nio-8081-exec-10] DEBUG o.s.w.s.h.SimpleUrlHandlerMapping - Mapped to ResourceHttpRequestHandler [classpath [META-INF/resources/], classpath [resources/], classpath [static/], classpath [public/], ServletContext [/]]
2024-12-23 14:58:26 [http-nio-8081-exec-1] DEBUG o.s.w.s.h.SimpleUrlHandlerMapping - Mapped to ResourceHttpRequestHandler [classpath [META-INF/resources/], classpath [resources/], classpath [static/], classpath [public/], ServletContext [/]]
2024-12-23 14:58:26 [http-nio-8081-exec-10] DEBUG o.s.web.servlet.DispatcherServlet - Completed 200 OK
2024-12-23 14:58:26 [http-nio-8081-exec-3] DEBUG o.s.web.servlet.DispatcherServlet - Completed 200 OK
2024-12-23 14:58:26 [http-nio-8081-exec-1] DEBUG o.s.web.servlet.DispatcherServlet - Completed 200 OK
2024-12-23 14:58:26 [http-nio-8081-exec-2] DEBUG o.s.web.servlet.DispatcherServlet - GET "/js/jquery.min.js", parameters={}
2024-12-23 14:58:26 [http-nio-8081-exec-2] DEBUG o.s.w.s.h.SimpleUrlHandlerMapping - Mapped to ResourceHttpRequestHandler [classpath [META-INF/resources/], classpath [resources/], classpath [static/], classpath [public/], ServletContext [/]]
2024-12-23 14:58:26 [http-nio-8081-exec-2] DEBUG o.s.web.servlet.DispatcherServlet - Completed 200 OK
2024-12-23 14:58:28 [http-nio-8081-exec-6] DEBUG o.s.web.servlet.DispatcherServlet - GET "/register.html", parameters={}
2024-12-23 14:58:28 [http-nio-8081-exec-6] DEBUG o.s.w.s.h.SimpleUrlHandlerMapping - Mapped to ResourceHttpRequestHandler [classpath [META-INF/resources/], classpath [resources/], classpath [static/], classpath [public/], ServletContext [/]]
2024-12-23 14:58:28 [http-nio-8081-exec-6] DEBUG o.s.web.servlet.DispatcherServlet - Completed 200 OK
2024-12-23 15:00:53 [http-nio-8081-exec-3] DEBUG o.s.web.servlet.DispatcherServlet - POST "/reader/register", parameters={}
2024-12-23 15:00:53 [http-nio-8081-exec-3] DEBUG o.s.w.s.m.m.a.RequestMappingHandlerMapping - Mapped to top.cengweiye.library.Controller.ReaderController#registController(Reader, HttpServletRequest)
2024-12-23 15:00:53 [http-nio-8081-exec-3] DEBUG o.s.w.s.m.m.a.RequestResponseBodyMethodProcessor - Read "application/json;charset=UTF-8" to [top.cengweiye.library.domain.Reader@7741119e]
2024-12-23 15:00:53 [http-nio-8081-exec-3] DEBUG org.hibernate.SQL - select reader0_.borrow_book_id as borrow_b1_5_, reader0_.address as address2_5_, reader0_.age as age3_5_, reader0_.name as name4_5_, reader0_.password as password5_5_, reader0_.role as role6_5_, reader0_.sex as sex7_5_ from reader reader0_ where reader0_.name=?
2024-12-23 15:00:53 [http-nio-8081-exec-3] TRACE o.h.type.descriptor.sql.BasicBinder - binding parameter [1] as [VARCHAR] - [test]
2024-12-23 15:00:53 [http-nio-8081-exec-3] DEBUG org.hibernate.SQL - insert into reader (address, age, name, password, role, sex) values (?, ?, ?, ?, ?, ?)
2024-12-23 15:00:53 [http-nio-8081-exec-3] TRACE o.h.type.descriptor.sql.BasicBinder - binding parameter [1] as [VARCHAR] - [武汉]
2024-12-23 15:00:53 [http-nio-8081-exec-3] TRACE o.h.type.descriptor.sql.BasicBinder - binding parameter [2] as [INTEGER] - [12]
2024-12-23 15:00:53 [http-nio-8081-exec-3] TRACE o.h.type.descriptor.sql.BasicBinder - binding parameter [3] as [VARCHAR] - [test]
2024-12-23 15:00:53 [http-nio-8081-exec-3] TRACE o.h.type.descriptor.sql.BasicBinder - binding parameter [4] as [VARCHAR] - [4c79273eed3d095e55d1224f6524ae92]
2024-12-23 15:00:53 [http-nio-8081-exec-3] TRACE o.h.type.descriptor.sql.BasicBinder - binding parameter [5] as [INTEGER] - [1]
2024-12-23 15:00:53 [http-nio-8081-exec-3] TRACE o.h.type.descriptor.sql.BasicBinder - binding parameter [6] as [VARCHAR] - [男]
2024-12-23 15:00:53 [http-nio-8081-exec-3] DEBUG org.hibernate.SQL - insert into logs (dev_info, ip, name, op, op_time) values (?, ?, ?, ?, ?)
2024-12-23 15:00:53 [http-nio-8081-exec-3] TRACE o.h.type.descriptor.sql.BasicBinder - binding parameter [1] as [VARCHAR] - [Mozilla/5.0 (Windows NT 10.0; Win64; x64) AppleWebKit/537.36 (KHTML, like Gecko) Chrome/131.0.0.0 Safari/537.36]
2024-12-23 15:00:53 [http-nio-8081-exec-3] TRACE o.h.type.descriptor.sql.BasicBinder - binding parameter [2] as [VARCHAR] - [0:0:0:0:0:0:0:1]
2024-12-23 15:00:53 [http-nio-8081-exec-3] TRACE o.h.type.descriptor.sql.BasicBinder - binding parameter [3] as [VARCHAR] - [test]
2024-12-23 15:00:53 [http-nio-8081-exec-3] TRACE o.h.type.descriptor.sql.BasicBinder - binding parameter [4] as [VARCHAR] - [注册成功]
2024-12-23 15:00:53 [http-nio-8081-exec-3] TRACE o.h.type.descriptor.sql.BasicBinder - binding parameter [5] as [TIMESTAMP] - [2024-12-23T15:00:53.750]
2024-12-23 15:00:53 [http-nio-8081-exec-3] DEBUG o.s.w.s.m.m.a.RequestResponseBodyMethodProcessor - Using 'application/json', given [*/*] and supported [application/json, application/*+json, application/json, application/*+json]
2024-12-23 15:00:53 [http-nio-8081-exec-3] DEBUG o.s.w.s.m.m.a.RequestResponseBodyMethodProcessor - Writing [top.cengweiye.library.Utilities.Result@49237379]
2024-12-23 15:00:53 [http-nio-8081-exec-3] DEBUG o.s.web.servlet.DispatcherServlet - Completed 200 OK
2024-12-23 15:06:02 [http-nio-8081-exec-2] DEBUG o.s.web.servlet.DispatcherServlet - POST "/reader/login", parameters={}
2024-12-23 15:06:02 [http-nio-8081-exec-2] DEBUG o.s.w.s.m.m.a.RequestMappingHandlerMapping - Mapped to top.cengweiye.library.Controller.ReaderController#loginController(Reader, HttpServletResponse, HttpServletRequest)
2024-12-23 15:06:02 [http-nio-8081-exec-2] DEBUG o.s.w.s.m.m.a.RequestResponseBodyMethodProcessor - Read "application/json;charset=UTF-8" to [top.cengweiye.library.domain.Reader@5793e7d2]
2024-12-23 15:06:02 [http-nio-8081-exec-2] DEBUG org.hibernate.SQL - select reader0_.borrow_book_id as borrow_b1_5_, reader0_.address as address2_5_, reader0_.age as age3_5_, reader0_.name as name4_5_, reader0_.password as password5_5_, reader0_.role as role6_5_, reader0_.sex as sex7_5_ from reader reader0_ where reader0_.name=? and reader0_.password=?
2024-12-23 15:06:02 [http-nio-8081-exec-2] TRACE o.h.type.descriptor.sql.BasicBinder - binding parameter [1] as [VARCHAR] - [admin]
2024-12-23 15:06:02 [http-nio-8081-exec-2] TRACE o.h.type.descriptor.sql.BasicBinder - binding parameter [2] as [VARCHAR] - [59725b2f19656a33b3eed406531fb474]
2024-12-23 15:06:02 [http-nio-8081-exec-2] DEBUG org.hibernate.SQL - select reader0_.borrow_book_id as borrow_b1_5_, reader0_.address as address2_5_, reader0_.age as age3_5_, reader0_.name as name4_5_, reader0_.password as password5_5_, reader0_.role as role6_5_, reader0_.sex as sex7_5_ from reader reader0_ where reader0_.name=? and reader0_.password=?
2024-12-23 15:06:02 [http-nio-8081-exec-2] TRACE o.h.type.descriptor.sql.BasicBinder - binding parameter [1] as [VARCHAR] - [admin]
2024-12-23 15:06:02 [http-nio-8081-exec-2] TRACE o.h.type.descriptor.sql.BasicBinder - binding parameter [2] as [VARCHAR] - [59725b2f19656a33b3eed406531fb474]
2024-12-23 15:06:02 [http-nio-8081-exec-2] DEBUG org.hibernate.SQL - insert into logs (dev_info, ip, name, op, op_time) values (?, ?, ?, ?, ?)
2024-12-23 15:06:02 [http-nio-8081-exec-2] TRACE o.h.type.descriptor.sql.BasicBinder - binding parameter [1] as [VARCHAR] - [Mozilla/5.0 (Windows NT 10.0; Win64; x64) AppleWebKit/537.36 (KHTML, like Gecko) Chrome/131.0.0.0 Safari/537.36]
2024-12-23 15:06:02 [http-nio-8081-exec-2] TRACE o.h.type.descriptor.sql.BasicBinder - binding parameter [2] as [VARCHAR] - [0:0:0:0:0:0:0:1]
2024-12-23 15:06:02 [http-nio-8081-exec-2] TRACE o.h.type.descriptor.sql.BasicBinder - binding parameter [3] as [VARCHAR] - [admin]
2024-12-23 15:06:02 [http-nio-8081-exec-2] TRACE o.h.type.descriptor.sql.BasicBinder - binding parameter [4] as [VARCHAR] - [登录失败]
2024-12-23 15:06:02 [http-nio-8081-exec-2] TRACE o.h.type.descriptor.sql.BasicBinder - binding parameter [5] as [TIMESTAMP] - [2024-12-23T15:06:02.059]
2024-12-23 15:06:02 [http-nio-8081-exec-2] DEBUG o.s.w.s.m.m.a.RequestResponseBodyMethodProcessor - Using 'application/json', given [*/*] and supported [application/json, application/*+json, application/json, application/*+json]
2024-12-23 15:06:02 [http-nio-8081-exec-2] DEBUG o.s.w.s.m.m.a.RequestResponseBodyMethodProcessor - Writing [top.cengweiye.library.Utilities.Result@3296a193]
2024-12-23 15:06:02 [http-nio-8081-exec-2] DEBUG o.s.web.servlet.DispatcherServlet - Completed 200 OK
2024-12-23 15:06:11 [http-nio-8081-exec-4] DEBUG o.s.web.servlet.DispatcherServlet - POST "/reader/login", parameters={}
2024-12-23 15:06:11 [http-nio-8081-exec-4] DEBUG o.s.w.s.m.m.a.RequestMappingHandlerMapping - Mapped to top.cengweiye.library.Controller.ReaderController#loginController(Reader, HttpServletResponse, HttpServletRequest)
2024-12-23 15:06:11 [http-nio-8081-exec-4] DEBUG o.s.w.s.m.m.a.RequestResponseBodyMethodProcessor - Read "application/json;charset=UTF-8" to [top.cengweiye.library.domain.Reader@eeba561]
2024-12-23 15:06:11 [http-nio-8081-exec-4] DEBUG org.hibernate.SQL - select reader0_.borrow_book_id as borrow_b1_5_, reader0_.address as address2_5_, reader0_.age as age3_5_, reader0_.name as name4_5_, reader0_.password as password5_5_, reader0_.role as role6_5_, reader0_.sex as sex7_5_ from reader reader0_ where reader0_.name=? and reader0_.password=?
2024-12-23 15:06:11 [http-nio-8081-exec-4] TRACE o.h.type.descriptor.sql.BasicBinder - binding parameter [1] as [VARCHAR] - [admin]
2024-12-23 15:06:11 [http-nio-8081-exec-4] TRACE o.h.type.descriptor.sql.BasicBinder - binding parameter [2] as [VARCHAR] - [59725b2f19656a33b3eed406531fb474]
2024-12-23 15:06:11 [http-nio-8081-exec-4] DEBUG org.hibernate.SQL - select reader0_.borrow_book_id as borrow_b1_5_, reader0_.address as address2_5_, reader0_.age as age3_5_, reader0_.name as name4_5_, reader0_.password as password5_5_, reader0_.role as role6_5_, reader0_.sex as sex7_5_ from reader reader0_ where reader0_.name=? and reader0_.password=?
2024-12-23 15:06:11 [http-nio-8081-exec-4] TRACE o.h.type.descriptor.sql.BasicBinder - binding parameter [1] as [VARCHAR] - [admin]
2024-12-23 15:06:11 [http-nio-8081-exec-4] TRACE o.h.type.descriptor.sql.BasicBinder - binding parameter [2] as [VARCHAR] - [59725b2f19656a33b3eed406531fb474]
2024-12-23 15:06:11 [http-nio-8081-exec-4] DEBUG org.hibernate.SQL - insert into logs (dev_info, ip, name, op, op_time) values (?, ?, ?, ?, ?)
2024-12-23 15:06:11 [http-nio-8081-exec-4] TRACE o.h.type.descriptor.sql.BasicBinder - binding parameter [1] as [VARCHAR] - [Mozilla/5.0 (Windows NT 10.0; Win64; x64) AppleWebKit/537.36 (KHTML, like Gecko) Chrome/131.0.0.0 Safari/537.36]
2024-12-23 15:06:11 [http-nio-8081-exec-4] TRACE o.h.type.descriptor.sql.BasicBinder - binding parameter [2] as [VARCHAR] - [0:0:0:0:0:0:0:1]
2024-12-23 15:06:11 [http-nio-8081-exec-4] TRACE o.h.type.descriptor.sql.BasicBinder - binding parameter [3] as [VARCHAR] - [admin]
2024-12-23 15:06:11 [http-nio-8081-exec-4] TRACE o.h.type.descriptor.sql.BasicBinder - binding parameter [4] as [VARCHAR] - [登录失败]
2024-12-23 15:06:11 [http-nio-8081-exec-4] TRACE o.h.type.descriptor.sql.BasicBinder - binding parameter [5] as [TIMESTAMP] - [2024-12-23T15:06:11.436]
2024-12-23 15:06:11 [http-nio-8081-exec-4] DEBUG o.s.w.s.m.m.a.RequestResponseBodyMethodProcessor - Using 'application/json', given [*/*] and supported [application/json, application/*+json, application/json, application/*+json]
2024-12-23 15:06:11 [http-nio-8081-exec-4] DEBUG o.s.w.s.m.m.a.RequestResponseBodyMethodProcessor - Writing [top.cengweiye.library.Utilities.Result@5eaab0ed]
2024-12-23 15:06:11 [http-nio-8081-exec-4] DEBUG o.s.web.servlet.DispatcherServlet - Completed 200 OK
2024-12-23 15:06:36 [http-nio-8081-exec-5] DEBUG o.s.web.servlet.DispatcherServlet - POST "/reader/login", parameters={}
2024-12-23 15:06:36 [http-nio-8081-exec-5] DEBUG o.s.w.s.m.m.a.RequestMappingHandlerMapping - Mapped to top.cengweiye.library.Controller.ReaderController#loginController(Reader, HttpServletResponse, HttpServletRequest)
2024-12-23 15:06:36 [http-nio-8081-exec-5] DEBUG o.s.w.s.m.m.a.RequestResponseBodyMethodProcessor - Read "application/json;charset=UTF-8" to [top.cengweiye.library.domain.Reader@7e32b8e3]
2024-12-23 15:06:36 [http-nio-8081-exec-5] DEBUG org.hibernate.SQL - select reader0_.borrow_book_id as borrow_b1_5_, reader0_.address as address2_5_, reader0_.age as age3_5_, reader0_.name as name4_5_, reader0_.password as password5_5_, reader0_.role as role6_5_, reader0_.sex as sex7_5_ from reader reader0_ where reader0_.name=? and reader0_.password=?
2024-12-23 15:06:36 [http-nio-8081-exec-5] TRACE o.h.type.descriptor.sql.BasicBinder - binding parameter [1] as [VARCHAR] - [admin]
2024-12-23 15:06:36 [http-nio-8081-exec-5] TRACE o.h.type.descriptor.sql.BasicBinder - binding parameter [2] as [VARCHAR] - [1e18fc2ae121ede2900d691d70205490]
2024-12-23 15:06:36 [http-nio-8081-exec-5] DEBUG org.hibernate.SQL - select reader0_.borrow_book_id as borrow_b1_5_, reader0_.address as address2_5_, reader0_.age as age3_5_, reader0_.name as name4_5_, reader0_.password as password5_5_, reader0_.role as role6_5_, reader0_.sex as sex7_5_ from reader reader0_ where reader0_.name=? and reader0_.password=?
2024-12-23 15:06:36 [http-nio-8081-exec-5] TRACE o.h.type.descriptor.sql.BasicBinder - binding parameter [1] as [VARCHAR] - [admin]
2024-12-23 15:06:36 [http-nio-8081-exec-5] TRACE o.h.type.descriptor.sql.BasicBinder - binding parameter [2] as [VARCHAR] - [1e18fc2ae121ede2900d691d70205490]
2024-12-23 15:06:36 [http-nio-8081-exec-5] DEBUG org.hibernate.SQL - insert into logs (dev_info, ip, name, op, op_time) values (?, ?, ?, ?, ?)
2024-12-23 15:06:36 [http-nio-8081-exec-5] TRACE o.h.type.descriptor.sql.BasicBinder - binding parameter [1] as [VARCHAR] - [Mozilla/5.0 (Windows NT 10.0; Win64; x64) AppleWebKit/537.36 (KHTML, like Gecko) Chrome/131.0.0.0 Safari/537.36]
2024-12-23 15:06:36 [http-nio-8081-exec-5] TRACE o.h.type.descriptor.sql.BasicBinder - binding parameter [2] as [VARCHAR] - [0:0:0:0:0:0:0:1]
2024-12-23 15:06:36 [http-nio-8081-exec-5] TRACE o.h.type.descriptor.sql.BasicBinder - binding parameter [3] as [VARCHAR] - [admin]
2024-12-23 15:06:36 [http-nio-8081-exec-5] TRACE o.h.type.descriptor.sql.BasicBinder - binding parameter [4] as [VARCHAR] - [登录失败]
2024-12-23 15:06:36 [http-nio-8081-exec-5] TRACE o.h.type.descriptor.sql.BasicBinder - binding parameter [5] as [TIMESTAMP] - [2024-12-23T15:06:36.882]
2024-12-23 15:06:36 [http-nio-8081-exec-5] DEBUG o.s.w.s.m.m.a.RequestResponseBodyMethodProcessor - Using 'application/json', given [*/*] and supported [application/json, application/*+json, application/json, application/*+json]
2024-12-23 15:06:36 [http-nio-8081-exec-5] DEBUG o.s.w.s.m.m.a.RequestResponseBodyMethodProcessor - Writing [top.cengweiye.library.Utilities.Result@2f610601]
2024-12-23 15:06:36 [http-nio-8081-exec-5] DEBUG o.s.web.servlet.DispatcherServlet - Completed 200 OK
2024-12-23 15:11:21 [http-nio-8081-exec-9] DEBUG o.s.web.servlet.DispatcherServlet - POST "/reader/login", parameters={}
2024-12-23 15:11:21 [http-nio-8081-exec-9] DEBUG o.s.w.s.m.m.a.RequestMappingHandlerMapping - Mapped to top.cengweiye.library.Controller.ReaderController#loginController(Reader, HttpServletResponse, HttpServletRequest)
2024-12-23 15:11:21 [http-nio-8081-exec-9] DEBUG o.s.w.s.m.m.a.RequestResponseBodyMethodProcessor - Read "application/json;charset=UTF-8" to [top.cengweiye.library.domain.Reader@3cb6bb8b]
2024-12-23 15:11:21 [http-nio-8081-exec-9] DEBUG org.hibernate.SQL - select reader0_.borrow_book_id as borrow_b1_5_, reader0_.address as address2_5_, reader0_.age as age3_5_, reader0_.name as name4_5_, reader0_.password as password5_5_, reader0_.role as role6_5_, reader0_.sex as sex7_5_ from reader reader0_ where reader0_.name=? and reader0_.password=?
2024-12-23 15:11:21 [http-nio-8081-exec-9] TRACE o.h.type.descriptor.sql.BasicBinder - binding parameter [1] as [VARCHAR] - [admin]
2024-12-23 15:11:21 [http-nio-8081-exec-9] TRACE o.h.type.descriptor.sql.BasicBinder - binding parameter [2] as [VARCHAR] - [4c79273eed3d095e55d1224f6524ae92]
2024-12-23 15:11:21 [http-nio-8081-exec-9] DEBUG org.hibernate.SQL - select reader0_.borrow_book_id as borrow_b1_5_, reader0_.address as address2_5_, reader0_.age as age3_5_, reader0_.name as name4_5_, reader0_.password as password5_5_, reader0_.role as role6_5_, reader0_.sex as sex7_5_ from reader reader0_ where reader0_.name=? and reader0_.password=?
2024-12-23 15:11:21 [http-nio-8081-exec-9] TRACE o.h.type.descriptor.sql.BasicBinder - binding parameter [1] as [VARCHAR] - [admin]
2024-12-23 15:11:21 [http-nio-8081-exec-9] TRACE o.h.type.descriptor.sql.BasicBinder - binding parameter [2] as [VARCHAR] - [4c79273eed3d095e55d1224f6524ae92]
2024-12-23 15:11:21 [http-nio-8081-exec-9] DEBUG org.hibernate.SQL - insert into logs (dev_info, ip, name, op, op_time) values (?, ?, ?, ?, ?)
2024-12-23 15:11:21 [http-nio-8081-exec-9] TRACE o.h.type.descriptor.sql.BasicBinder - binding parameter [1] as [VARCHAR] - [Mozilla/5.0 (Windows NT 10.0; Win64; x64) AppleWebKit/537.36 (KHTML, like Gecko) Chrome/131.0.0.0 Safari/537.36]
2024-12-23 15:11:21 [http-nio-8081-exec-9] TRACE o.h.type.descriptor.sql.BasicBinder - binding parameter [2] as [VARCHAR] - [0:0:0:0:0:0:0:1]
2024-12-23 15:11:21 [http-nio-8081-exec-9] TRACE o.h.type.descriptor.sql.BasicBinder - binding parameter [3] as [VARCHAR] - [admin]
2024-12-23 15:11:21 [http-nio-8081-exec-9] TRACE o.h.type.descriptor.sql.BasicBinder - binding parameter [4] as [VARCHAR] - [登录成功]
2024-12-23 15:11:21 [http-nio-8081-exec-9] TRACE o.h.type.descriptor.sql.BasicBinder - binding parameter [5] as [TIMESTAMP] - [2024-12-23T15:11:21.536]
2024-12-23 15:11:21 [http-nio-8081-exec-9] DEBUG o.s.w.s.m.m.a.RequestResponseBodyMethodProcessor - Using 'application/json', given [*/*] and supported [application/json, application/*+json, application/json, application/*+json]
2024-12-23 15:11:21 [http-nio-8081-exec-9] DEBUG o.s.w.s.m.m.a.RequestResponseBodyMethodProcessor - Writing [top.cengweiye.library.Utilities.Result@2b31ca32]
2024-12-23 15:11:21 [http-nio-8081-exec-9] DEBUG o.s.web.servlet.DispatcherServlet - Completed 200 OK
2024-12-23 15:11:22 [http-nio-8081-exec-3] DEBUG o.s.web.servlet.DispatcherServlet - GET "/", parameters={}
2024-12-23 15:11:22 [http-nio-8081-exec-3] DEBUG o.s.w.s.m.m.a.RequestMappingHandlerMapping - Mapped to top.cengweiye.library.Controller.BookController#getBooks(int, int, String, Model)
2024-12-23 15:11:22 [http-nio-8081-exec-3] DEBUG o.s.jdbc.datasource.DataSourceUtils - Setting JDBC Connection [HikariProxyConnection@972157142 wrapping com.mysql.cj.jdbc.ConnectionImpl@481a6620] read-only
2024-12-23 15:11:22 [http-nio-8081-exec-3] DEBUG org.hibernate.SQL - select book0_.book_id as book_id1_2_, book0_.book_name as book_nam2_2_, book0_.bookrack_id as bookrack3_2_, book0_.publication_date as publicat4_2_, book0_.publisher as publishe5_2_, book0_.status as status6_2_ from books book0_ limit ?
2024-12-23 15:11:22 [http-nio-8081-exec-3] DEBUG org.hibernate.SQL - select count(book0_.book_id) as col_0_0_ from books book0_
2024-12-23 15:11:22 [http-nio-8081-exec-3] DEBUG o.s.jdbc.datasource.DataSourceUtils - Resetting read-only flag of JDBC Connection [HikariProxyConnection@972157142 wrapping com.mysql.cj.jdbc.ConnectionImpl@481a6620]
2024-12-23 15:11:22 [http-nio-8081-exec-3] DEBUG o.s.w.s.v.ContentNegotiatingViewResolver - Selected 'text/html' given [text/html, application/xhtml+xml, image/avif, image/webp, image/apng, application/xml;q=0.9, application/signed-exchange;v=b3;q=0.7, */*;q=0.8]
2024-12-23 15:11:22 [http-nio-8081-exec-3] DEBUG o.s.web.servlet.DispatcherServlet - Completed 200 OK
2024-12-23 15:22:46 [SpringApplicationShutdownHook] INFO  o.s.o.j.LocalContainerEntityManagerFactoryBean - Closing JPA EntityManagerFactory for persistence unit 'default'
2024-12-23 15:22:46 [SpringApplicationShutdownHook] INFO  com.zaxxer.hikari.HikariDataSource - HikariPool-1 - Shutdown initiated...
2024-12-23 15:22:46 [SpringApplicationShutdownHook] INFO  com.zaxxer.hikari.HikariDataSource - HikariPool-1 - Shutdown completed.
2024-12-23 15:52:32 [main] INFO  t.c.library.LibraryApplication - Starting LibraryApplication using Java 1.8.0_401 on LAPTOP-GUB0QBS8 with PID 25192 (F:\JavaCode\library\target\classes started by 曾维晔 in F:\JavaCode\library)
2024-12-23 15:52:32 [main] INFO  t.c.library.LibraryApplication - No active profile set, falling back to 1 default profile: "default"
2024-12-23 15:52:32 [main] INFO  o.s.d.r.c.RepositoryConfigurationDelegate - Bootstrapping Spring Data JPA repositories in DEFAULT mode.
2024-12-23 15:52:32 [main] INFO  o.s.d.r.c.RepositoryConfigurationDelegate - Finished Spring Data repository scanning in 57 ms. Found 5 JPA repository interfaces.
2024-12-23 15:52:33 [main] INFO  o.s.b.w.e.tomcat.TomcatWebServer - Tomcat initialized with port(s): 8081 (http)
2024-12-23 15:52:33 [main] INFO  o.a.coyote.http11.Http11NioProtocol - Initializing ProtocolHandler ["http-nio-8081"]
2024-12-23 15:52:33 [main] INFO  o.a.catalina.core.StandardService - Starting service [Tomcat]
2024-12-23 15:52:33 [main] INFO  o.a.catalina.core.StandardEngine - Starting Servlet engine: [Apache Tomcat/9.0.68]
2024-12-23 15:52:33 [main] INFO  o.a.c.c.C.[Tomcat].[localhost].[/] - Initializing Spring embedded WebApplicationContext
2024-12-23 15:52:33 [main] INFO  o.s.b.w.s.c.ServletWebServerApplicationContext - Root WebApplicationContext: initialization completed in 1213 ms
2024-12-23 15:52:33 [main] DEBUG o.s.jdbc.datasource.DataSourceUtils - Fetching JDBC Connection from DataSource
2024-12-23 15:52:33 [main] INFO  com.zaxxer.hikari.HikariDataSource - HikariPool-1 - Starting...
2024-12-23 15:52:36 [main] INFO  com.zaxxer.hikari.HikariDataSource - HikariPool-1 - Start completed.
2024-12-23 15:52:36 [main] INFO  o.h.jpa.internal.util.LogHelper - HHH000204: Processing PersistenceUnitInfo [name: default]
2024-12-23 15:52:36 [main] INFO  org.hibernate.Version - HHH000412: Hibernate ORM core version 5.6.12.Final
2024-12-23 15:52:36 [main] INFO  o.h.annotations.common.Version - HCANN000001: Hibernate Commons Annotations {5.1.2.Final}
2024-12-23 15:52:36 [main] INFO  org.hibernate.dialect.Dialect - HHH000400: Using dialect: org.hibernate.dialect.MySQL8Dialect
2024-12-23 15:52:36 [main] INFO  o.h.e.t.j.p.i.JtaPlatformInitiator - HHH000490: Using JtaPlatform implementation: [org.hibernate.engine.transaction.jta.platform.internal.NoJtaPlatform]
2024-12-23 15:52:36 [main] INFO  o.s.o.j.LocalContainerEntityManagerFactoryBean - Initialized JPA EntityManagerFactory for persistence unit 'default'
2024-12-23 15:52:37 [main] WARN  o.s.b.a.o.j.JpaBaseConfiguration$JpaWebConfiguration - spring.jpa.open-in-view is enabled by default. Therefore, database queries may be performed during view rendering. Explicitly configure spring.jpa.open-in-view to disable this warning
2024-12-23 15:52:37 [main] DEBUG o.s.w.s.m.m.a.RequestMappingHandlerAdapter - ControllerAdvice beans: 0 @ModelAttribute, 0 @InitBinder, 1 RequestBodyAdvice, 1 ResponseBodyAdvice
2024-12-23 15:52:37 [main] DEBUG o.s.w.s.m.m.a.RequestMappingHandlerMapping - 17 mappings in 'requestMappingHandlerMapping'
2024-12-23 15:52:37 [main] INFO  o.s.b.a.w.s.WelcomePageHandlerMapping - Adding welcome page template: index
2024-12-23 15:52:37 [main] DEBUG o.s.w.s.h.SimpleUrlHandlerMapping - Patterns [/webjars/**, /**] in 'resourceHandlerMapping'
2024-12-23 15:52:37 [main] DEBUG o.s.w.s.m.m.a.ExceptionHandlerExceptionResolver - ControllerAdvice beans: 0 @ExceptionHandler, 1 ResponseBodyAdvice
2024-12-23 15:52:37 [main] INFO  o.a.coyote.http11.Http11NioProtocol - Starting ProtocolHandler ["http-nio-8081"]
2024-12-23 15:52:37 [main] INFO  o.s.b.w.e.tomcat.TomcatWebServer - Tomcat started on port(s): 8081 (http) with context path ''
2024-12-23 15:52:37 [main] INFO  t.c.library.LibraryApplication - Started LibraryApplication in 6.024 seconds (JVM running for 9.37)
2024-12-23 15:53:01 [http-nio-8081-exec-1] INFO  o.a.c.c.C.[Tomcat].[localhost].[/] - Initializing Spring DispatcherServlet 'dispatcherServlet'
2024-12-23 15:53:01 [http-nio-8081-exec-1] INFO  o.s.web.servlet.DispatcherServlet - Initializing Servlet 'dispatcherServlet'
2024-12-23 15:53:01 [http-nio-8081-exec-1] DEBUG o.s.web.servlet.DispatcherServlet - Detected StandardServletMultipartResolver
2024-12-23 15:53:01 [http-nio-8081-exec-1] DEBUG o.s.web.servlet.DispatcherServlet - Detected AcceptHeaderLocaleResolver
2024-12-23 15:53:01 [http-nio-8081-exec-1] DEBUG o.s.web.servlet.DispatcherServlet - Detected FixedThemeResolver
2024-12-23 15:53:01 [http-nio-8081-exec-1] DEBUG o.s.web.servlet.DispatcherServlet - Detected org.springframework.web.servlet.view.DefaultRequestToViewNameTranslator@49d42faf
2024-12-23 15:53:01 [http-nio-8081-exec-1] DEBUG o.s.web.servlet.DispatcherServlet - Detected org.springframework.web.servlet.support.SessionFlashMapManager@4fe2dd02
2024-12-23 15:53:01 [http-nio-8081-exec-1] DEBUG o.s.web.servlet.DispatcherServlet - enableLoggingRequestDetails='false': request parameters and headers will be masked to prevent unsafe logging of potentially sensitive data
2024-12-23 15:53:01 [http-nio-8081-exec-1] INFO  o.s.web.servlet.DispatcherServlet - Completed initialization in 2 ms
2024-12-23 15:53:01 [http-nio-8081-exec-1] DEBUG o.s.web.servlet.DispatcherServlet - GET "/", parameters={}
2024-12-23 15:53:01 [http-nio-8081-exec-1] DEBUG o.s.w.s.m.m.a.RequestMappingHandlerMapping - Mapped to top.cengweiye.library.Controller.BookController#getBooks(int, int, String, Model)
2024-12-23 15:53:01 [http-nio-8081-exec-1] DEBUG o.s.jdbc.datasource.DataSourceUtils - Setting JDBC Connection [HikariProxyConnection@1874044114 wrapping com.mysql.cj.jdbc.ConnectionImpl@5d232986] read-only
2024-12-23 15:53:01 [http-nio-8081-exec-1] DEBUG org.hibernate.SQL - select book0_.book_id as book_id1_2_, book0_.book_name as book_nam2_2_, book0_.bookrack_id as bookrack3_2_, book0_.publication_date as publicat4_2_, book0_.publisher as publishe5_2_, book0_.status as status6_2_ from books book0_ limit ?
2024-12-23 15:53:01 [http-nio-8081-exec-1] DEBUG org.hibernate.SQL - select count(book0_.book_id) as col_0_0_ from books book0_
2024-12-23 15:53:01 [http-nio-8081-exec-1] DEBUG o.s.jdbc.datasource.DataSourceUtils - Resetting read-only flag of JDBC Connection [HikariProxyConnection@1874044114 wrapping com.mysql.cj.jdbc.ConnectionImpl@5d232986]
2024-12-23 15:53:01 [http-nio-8081-exec-1] DEBUG o.s.w.s.v.ContentNegotiatingViewResolver - Selected 'text/html' given [text/html, application/xhtml+xml, image/avif, image/webp, image/apng, application/xml;q=0.9, application/signed-exchange;v=b3;q=0.7, */*;q=0.8]
2024-12-23 15:53:02 [http-nio-8081-exec-1] DEBUG o.s.web.servlet.DispatcherServlet - Completed 200 OK
2024-12-23 15:53:04 [http-nio-8081-exec-2] DEBUG o.s.web.servlet.DispatcherServlet - GET "/person", parameters={}
2024-12-23 15:53:04 [http-nio-8081-exec-2] DEBUG o.s.w.s.m.m.a.RequestMappingHandlerMapping - Mapped to top.cengweiye.library.Controller.PersonController#getperson(int, int, Model, HttpServletRequest)
2024-12-23 15:53:04 [http-nio-8081-exec-2] DEBUG org.hibernate.SQL - select reader0_.borrow_book_id as borrow_b1_5_, reader0_.address as address2_5_, reader0_.age as age3_5_, reader0_.name as name4_5_, reader0_.password as password5_5_, reader0_.role as role6_5_, reader0_.sex as sex7_5_ from reader reader0_ where reader0_.name=?
2024-12-23 15:53:04 [http-nio-8081-exec-2] TRACE o.h.type.descriptor.sql.BasicBinder - binding parameter [1] as [VARCHAR] - [admin]
2024-12-23 15:53:04 [http-nio-8081-exec-2] DEBUG org.hibernate.SQL - select borrow0_.book_id as book_id1_3_, borrow0_.borrow_book_id as borrow_b2_3_, borrow0_.borrow_date as borrow_d3_3_, borrow0_.return_date as return_d4_3_ from borrow borrow0_ where borrow0_.borrow_book_id=? limit ?
2024-12-23 15:53:04 [http-nio-8081-exec-2] TRACE o.h.type.descriptor.sql.BasicBinder - binding parameter [1] as [INTEGER] - [2]
2024-12-23 15:53:04 [http-nio-8081-exec-2] DEBUG o.s.w.s.v.ContentNegotiatingViewResolver - Selected 'text/html' given [text/html, application/xhtml+xml, image/avif, image/webp, image/apng, application/xml;q=0.9, application/signed-exchange;v=b3;q=0.7, */*;q=0.8]
2024-12-23 15:53:04 [http-nio-8081-exec-2] DEBUG o.s.web.servlet.DispatcherServlet - Completed 200 OK
2024-12-23 15:53:24 [http-nio-8081-exec-3] DEBUG o.s.web.servlet.DispatcherServlet - GET "/", parameters={}
2024-12-23 15:53:24 [http-nio-8081-exec-3] DEBUG o.s.w.s.m.m.a.RequestMappingHandlerMapping - Mapped to top.cengweiye.library.Controller.BookController#getBooks(int, int, String, Model)
2024-12-23 15:53:24 [http-nio-8081-exec-3] DEBUG o.s.jdbc.datasource.DataSourceUtils - Setting JDBC Connection [HikariProxyConnection@1180173642 wrapping com.mysql.cj.jdbc.ConnectionImpl@5d232986] read-only
2024-12-23 15:53:24 [http-nio-8081-exec-3] DEBUG org.hibernate.SQL - select book0_.book_id as book_id1_2_, book0_.book_name as book_nam2_2_, book0_.bookrack_id as bookrack3_2_, book0_.publication_date as publicat4_2_, book0_.publisher as publishe5_2_, book0_.status as status6_2_ from books book0_ limit ?
2024-12-23 15:53:24 [http-nio-8081-exec-3] DEBUG org.hibernate.SQL - select count(book0_.book_id) as col_0_0_ from books book0_
2024-12-23 15:53:24 [http-nio-8081-exec-3] DEBUG o.s.jdbc.datasource.DataSourceUtils - Resetting read-only flag of JDBC Connection [HikariProxyConnection@1180173642 wrapping com.mysql.cj.jdbc.ConnectionImpl@5d232986]
2024-12-23 15:53:24 [http-nio-8081-exec-3] DEBUG o.s.w.s.v.ContentNegotiatingViewResolver - Selected 'text/html' given [text/html, application/xhtml+xml, image/avif, image/webp, image/apng, application/xml;q=0.9, application/signed-exchange;v=b3;q=0.7, */*;q=0.8]
2024-12-23 15:53:24 [http-nio-8081-exec-3] DEBUG o.s.web.servlet.DispatcherServlet - Completed 200 OK
2024-12-23 15:53:28 [http-nio-8081-exec-4] DEBUG o.s.web.servlet.DispatcherServlet - GET "/person", parameters={}
2024-12-23 15:53:28 [http-nio-8081-exec-4] DEBUG o.s.w.s.m.m.a.RequestMappingHandlerMapping - Mapped to top.cengweiye.library.Controller.PersonController#getperson(int, int, Model, HttpServletRequest)
2024-12-23 15:53:28 [http-nio-8081-exec-4] DEBUG org.hibernate.SQL - select reader0_.borrow_book_id as borrow_b1_5_, reader0_.address as address2_5_, reader0_.age as age3_5_, reader0_.name as name4_5_, reader0_.password as password5_5_, reader0_.role as role6_5_, reader0_.sex as sex7_5_ from reader reader0_ where reader0_.name=?
2024-12-23 15:53:28 [http-nio-8081-exec-4] TRACE o.h.type.descriptor.sql.BasicBinder - binding parameter [1] as [VARCHAR] - [admin]
2024-12-23 15:53:28 [http-nio-8081-exec-4] DEBUG org.hibernate.SQL - select borrow0_.book_id as book_id1_3_, borrow0_.borrow_book_id as borrow_b2_3_, borrow0_.borrow_date as borrow_d3_3_, borrow0_.return_date as return_d4_3_ from borrow borrow0_ where borrow0_.borrow_book_id=? limit ?
2024-12-23 15:53:28 [http-nio-8081-exec-4] TRACE o.h.type.descriptor.sql.BasicBinder - binding parameter [1] as [INTEGER] - [2]
2024-12-23 15:53:28 [http-nio-8081-exec-4] DEBUG o.s.w.s.v.ContentNegotiatingViewResolver - Selected 'text/html' given [text/html, application/xhtml+xml, image/avif, image/webp, image/apng, application/xml;q=0.9, application/signed-exchange;v=b3;q=0.7, */*;q=0.8]
2024-12-23 15:53:28 [http-nio-8081-exec-4] DEBUG o.s.web.servlet.DispatcherServlet - Completed 200 OK
2024-12-23 15:53:30 [http-nio-8081-exec-5] DEBUG o.s.web.servlet.DispatcherServlet - GET "/", parameters={}
2024-12-23 15:53:30 [http-nio-8081-exec-5] DEBUG o.s.w.s.m.m.a.RequestMappingHandlerMapping - Mapped to top.cengweiye.library.Controller.BookController#getBooks(int, int, String, Model)
2024-12-23 15:53:30 [http-nio-8081-exec-5] DEBUG o.s.jdbc.datasource.DataSourceUtils - Setting JDBC Connection [HikariProxyConnection@491816398 wrapping com.mysql.cj.jdbc.ConnectionImpl@5d232986] read-only
2024-12-23 15:53:30 [http-nio-8081-exec-5] DEBUG org.hibernate.SQL - select book0_.book_id as book_id1_2_, book0_.book_name as book_nam2_2_, book0_.bookrack_id as bookrack3_2_, book0_.publication_date as publicat4_2_, book0_.publisher as publishe5_2_, book0_.status as status6_2_ from books book0_ limit ?
2024-12-23 15:53:30 [http-nio-8081-exec-5] DEBUG org.hibernate.SQL - select count(book0_.book_id) as col_0_0_ from books book0_
2024-12-23 15:53:30 [http-nio-8081-exec-5] DEBUG o.s.jdbc.datasource.DataSourceUtils - Resetting read-only flag of JDBC Connection [HikariProxyConnection@491816398 wrapping com.mysql.cj.jdbc.ConnectionImpl@5d232986]
2024-12-23 15:53:30 [http-nio-8081-exec-5] DEBUG o.s.w.s.v.ContentNegotiatingViewResolver - Selected 'text/html' given [text/html, application/xhtml+xml, image/avif, image/webp, image/apng, application/xml;q=0.9, application/signed-exchange;v=b3;q=0.7, */*;q=0.8]
2024-12-23 15:53:30 [http-nio-8081-exec-5] DEBUG o.s.web.servlet.DispatcherServlet - Completed 200 OK
2024-12-23 15:55:17 [http-nio-8081-exec-8] DEBUG o.s.web.servlet.DispatcherServlet - GET "/person", parameters={}
2024-12-23 15:55:17 [http-nio-8081-exec-8] DEBUG o.s.w.s.m.m.a.RequestMappingHandlerMapping - Mapped to top.cengweiye.library.Controller.PersonController#getperson(int, int, Model, HttpServletRequest)
2024-12-23 15:55:17 [http-nio-8081-exec-8] DEBUG org.hibernate.SQL - select reader0_.borrow_book_id as borrow_b1_5_, reader0_.address as address2_5_, reader0_.age as age3_5_, reader0_.name as name4_5_, reader0_.password as password5_5_, reader0_.role as role6_5_, reader0_.sex as sex7_5_ from reader reader0_ where reader0_.name=?
2024-12-23 15:55:17 [http-nio-8081-exec-8] TRACE o.h.type.descriptor.sql.BasicBinder - binding parameter [1] as [VARCHAR] - [admin]
2024-12-23 15:55:17 [http-nio-8081-exec-8] DEBUG org.hibernate.SQL - select borrow0_.book_id as book_id1_3_, borrow0_.borrow_book_id as borrow_b2_3_, borrow0_.borrow_date as borrow_d3_3_, borrow0_.return_date as return_d4_3_ from borrow borrow0_ where borrow0_.borrow_book_id=? limit ?
2024-12-23 15:55:17 [http-nio-8081-exec-8] TRACE o.h.type.descriptor.sql.BasicBinder - binding parameter [1] as [INTEGER] - [2]
2024-12-23 15:55:17 [http-nio-8081-exec-8] DEBUG o.s.w.s.v.ContentNegotiatingViewResolver - Selected 'text/html' given [text/html, application/xhtml+xml, image/avif, image/webp, image/apng, application/xml;q=0.9, application/signed-exchange;v=b3;q=0.7, */*;q=0.8]
2024-12-23 15:55:17 [http-nio-8081-exec-8] DEBUG o.s.web.servlet.DispatcherServlet - Completed 200 OK
2024-12-23 15:55:18 [http-nio-8081-exec-9] DEBUG o.s.web.servlet.DispatcherServlet - GET "/bookmanage", parameters={}
2024-12-23 15:55:18 [http-nio-8081-exec-9] DEBUG o.s.w.s.m.m.a.RequestMappingHandlerMapping - Mapped to top.cengweiye.library.Controller.BookManageController#getBooks(int, int, Model, HttpServletRequest)
2024-12-23 15:55:18 [http-nio-8081-exec-9] DEBUG o.s.jdbc.datasource.DataSourceUtils - Setting JDBC Connection [HikariProxyConnection@58426803 wrapping com.mysql.cj.jdbc.ConnectionImpl@5d232986] read-only
2024-12-23 15:55:18 [http-nio-8081-exec-9] DEBUG org.hibernate.SQL - select book0_.book_id as book_id1_2_, book0_.book_name as book_nam2_2_, book0_.bookrack_id as bookrack3_2_, book0_.publication_date as publicat4_2_, book0_.publisher as publishe5_2_, book0_.status as status6_2_ from books book0_ limit ?
2024-12-23 15:55:18 [http-nio-8081-exec-9] DEBUG org.hibernate.SQL - select count(book0_.book_id) as col_0_0_ from books book0_
2024-12-23 15:55:18 [http-nio-8081-exec-9] DEBUG o.s.jdbc.datasource.DataSourceUtils - Resetting read-only flag of JDBC Connection [HikariProxyConnection@58426803 wrapping com.mysql.cj.jdbc.ConnectionImpl@5d232986]
2024-12-23 15:55:18 [http-nio-8081-exec-9] DEBUG o.s.w.s.v.ContentNegotiatingViewResolver - Selected 'text/html' given [text/html, application/xhtml+xml, image/avif, image/webp, image/apng, application/xml;q=0.9, application/signed-exchange;v=b3;q=0.7, */*;q=0.8]
2024-12-23 15:55:18 [http-nio-8081-exec-9] DEBUG o.s.web.servlet.DispatcherServlet - Completed 200 OK
2024-12-23 15:57:30 [http-nio-8081-exec-2] DEBUG o.s.web.servlet.DispatcherServlet - GET "/usermanage", parameters={}
2024-12-23 15:57:30 [http-nio-8081-exec-2] DEBUG o.s.w.s.m.m.a.RequestMappingHandlerMapping - Mapped to top.cengweiye.library.Controller.UsermanageController#getBooks(int, int, Model)
2024-12-23 15:57:30 [http-nio-8081-exec-2] DEBUG o.s.jdbc.datasource.DataSourceUtils - Setting JDBC Connection [HikariProxyConnection@925215472 wrapping com.mysql.cj.jdbc.ConnectionImpl@5d232986] read-only
2024-12-23 15:57:30 [http-nio-8081-exec-2] DEBUG org.hibernate.SQL - select blacklist0_.borrow_book_id as borrow_b1_0_, blacklist0_.name as name2_0_, blacklist0_.reason as reason3_0_ from blacklist blacklist0_ limit ?
2024-12-23 15:57:30 [http-nio-8081-exec-2] DEBUG o.s.jdbc.datasource.DataSourceUtils - Resetting read-only flag of JDBC Connection [HikariProxyConnection@925215472 wrapping com.mysql.cj.jdbc.ConnectionImpl@5d232986]
2024-12-23 15:57:30 [http-nio-8081-exec-2] DEBUG o.s.w.s.v.ContentNegotiatingViewResolver - Selected 'text/html' given [text/html, application/xhtml+xml, image/avif, image/webp, image/apng, application/xml;q=0.9, application/signed-exchange;v=b3;q=0.7, */*;q=0.8]
2024-12-23 15:57:30 [http-nio-8081-exec-2] DEBUG o.s.web.servlet.DispatcherServlet - Completed 200 OK
2024-12-23 15:57:32 [http-nio-8081-exec-3] DEBUG o.s.web.servlet.DispatcherServlet - GET "/bookmanage", parameters={}
2024-12-23 15:57:32 [http-nio-8081-exec-3] DEBUG o.s.w.s.m.m.a.RequestMappingHandlerMapping - Mapped to top.cengweiye.library.Controller.BookManageController#getBooks(int, int, Model, HttpServletRequest)
2024-12-23 15:57:32 [http-nio-8081-exec-3] DEBUG o.s.jdbc.datasource.DataSourceUtils - Setting JDBC Connection [HikariProxyConnection@1016054037 wrapping com.mysql.cj.jdbc.ConnectionImpl@5d232986] read-only
2024-12-23 15:57:32 [http-nio-8081-exec-3] DEBUG org.hibernate.SQL - select book0_.book_id as book_id1_2_, book0_.book_name as book_nam2_2_, book0_.bookrack_id as bookrack3_2_, book0_.publication_date as publicat4_2_, book0_.publisher as publishe5_2_, book0_.status as status6_2_ from books book0_ limit ?
2024-12-23 15:57:32 [http-nio-8081-exec-3] DEBUG org.hibernate.SQL - select count(book0_.book_id) as col_0_0_ from books book0_
2024-12-23 15:57:32 [http-nio-8081-exec-3] DEBUG o.s.jdbc.datasource.DataSourceUtils - Resetting read-only flag of JDBC Connection [HikariProxyConnection@1016054037 wrapping com.mysql.cj.jdbc.ConnectionImpl@5d232986]
2024-12-23 15:57:32 [http-nio-8081-exec-3] DEBUG o.s.w.s.v.ContentNegotiatingViewResolver - Selected 'text/html' given [text/html, application/xhtml+xml, image/avif, image/webp, image/apng, application/xml;q=0.9, application/signed-exchange;v=b3;q=0.7, */*;q=0.8]
2024-12-23 15:57:32 [http-nio-8081-exec-3] DEBUG o.s.web.servlet.DispatcherServlet - Completed 200 OK
2024-12-23 15:57:32 [http-nio-8081-exec-4] DEBUG o.s.web.servlet.DispatcherServlet - GET "/person", parameters={}
2024-12-23 15:57:32 [http-nio-8081-exec-4] DEBUG o.s.w.s.m.m.a.RequestMappingHandlerMapping - Mapped to top.cengweiye.library.Controller.PersonController#getperson(int, int, Model, HttpServletRequest)
2024-12-23 15:57:32 [http-nio-8081-exec-4] DEBUG org.hibernate.SQL - select reader0_.borrow_book_id as borrow_b1_5_, reader0_.address as address2_5_, reader0_.age as age3_5_, reader0_.name as name4_5_, reader0_.password as password5_5_, reader0_.role as role6_5_, reader0_.sex as sex7_5_ from reader reader0_ where reader0_.name=?
2024-12-23 15:57:32 [http-nio-8081-exec-4] TRACE o.h.type.descriptor.sql.BasicBinder - binding parameter [1] as [VARCHAR] - [admin]
2024-12-23 15:57:32 [http-nio-8081-exec-4] DEBUG org.hibernate.SQL - select borrow0_.book_id as book_id1_3_, borrow0_.borrow_book_id as borrow_b2_3_, borrow0_.borrow_date as borrow_d3_3_, borrow0_.return_date as return_d4_3_ from borrow borrow0_ where borrow0_.borrow_book_id=? limit ?
2024-12-23 15:57:32 [http-nio-8081-exec-4] TRACE o.h.type.descriptor.sql.BasicBinder - binding parameter [1] as [INTEGER] - [2]
2024-12-23 15:57:32 [http-nio-8081-exec-4] DEBUG o.s.w.s.v.ContentNegotiatingViewResolver - Selected 'text/html' given [text/html, application/xhtml+xml, image/avif, image/webp, image/apng, application/xml;q=0.9, application/signed-exchange;v=b3;q=0.7, */*;q=0.8]
2024-12-23 15:57:32 [http-nio-8081-exec-4] DEBUG o.s.web.servlet.DispatcherServlet - Completed 200 OK
2024-12-23 15:57:34 [http-nio-8081-exec-5] DEBUG o.s.web.servlet.DispatcherServlet - GET "/", parameters={}
2024-12-23 15:57:34 [http-nio-8081-exec-5] DEBUG o.s.w.s.m.m.a.RequestMappingHandlerMapping - Mapped to top.cengweiye.library.Controller.BookController#getBooks(int, int, String, Model)
2024-12-23 15:57:34 [http-nio-8081-exec-5] DEBUG o.s.jdbc.datasource.DataSourceUtils - Setting JDBC Connection [HikariProxyConnection@361833620 wrapping com.mysql.cj.jdbc.ConnectionImpl@5d232986] read-only
2024-12-23 15:57:34 [http-nio-8081-exec-5] DEBUG org.hibernate.SQL - select book0_.book_id as book_id1_2_, book0_.book_name as book_nam2_2_, book0_.bookrack_id as bookrack3_2_, book0_.publication_date as publicat4_2_, book0_.publisher as publishe5_2_, book0_.status as status6_2_ from books book0_ limit ?
2024-12-23 15:57:34 [http-nio-8081-exec-5] DEBUG org.hibernate.SQL - select count(book0_.book_id) as col_0_0_ from books book0_
2024-12-23 15:57:34 [http-nio-8081-exec-5] DEBUG o.s.jdbc.datasource.DataSourceUtils - Resetting read-only flag of JDBC Connection [HikariProxyConnection@361833620 wrapping com.mysql.cj.jdbc.ConnectionImpl@5d232986]
2024-12-23 15:57:34 [http-nio-8081-exec-5] DEBUG o.s.w.s.v.ContentNegotiatingViewResolver - Selected 'text/html' given [text/html, application/xhtml+xml, image/avif, image/webp, image/apng, application/xml;q=0.9, application/signed-exchange;v=b3;q=0.7, */*;q=0.8]
2024-12-23 15:57:34 [http-nio-8081-exec-5] DEBUG o.s.web.servlet.DispatcherServlet - Completed 200 OK
2024-12-23 15:57:48 [http-nio-8081-exec-6] DEBUG o.s.web.servlet.DispatcherServlet - GET "/person", parameters={}
2024-12-23 15:57:48 [http-nio-8081-exec-6] DEBUG o.s.w.s.m.m.a.RequestMappingHandlerMapping - Mapped to top.cengweiye.library.Controller.PersonController#getperson(int, int, Model, HttpServletRequest)
2024-12-23 15:57:48 [http-nio-8081-exec-6] DEBUG org.hibernate.SQL - select reader0_.borrow_book_id as borrow_b1_5_, reader0_.address as address2_5_, reader0_.age as age3_5_, reader0_.name as name4_5_, reader0_.password as password5_5_, reader0_.role as role6_5_, reader0_.sex as sex7_5_ from reader reader0_ where reader0_.name=?
2024-12-23 15:57:48 [http-nio-8081-exec-6] TRACE o.h.type.descriptor.sql.BasicBinder - binding parameter [1] as [VARCHAR] - [admin]
2024-12-23 15:57:48 [http-nio-8081-exec-6] DEBUG org.hibernate.SQL - select borrow0_.book_id as book_id1_3_, borrow0_.borrow_book_id as borrow_b2_3_, borrow0_.borrow_date as borrow_d3_3_, borrow0_.return_date as return_d4_3_ from borrow borrow0_ where borrow0_.borrow_book_id=? limit ?
2024-12-23 15:57:48 [http-nio-8081-exec-6] TRACE o.h.type.descriptor.sql.BasicBinder - binding parameter [1] as [INTEGER] - [2]
2024-12-23 15:57:48 [http-nio-8081-exec-6] DEBUG o.s.w.s.v.ContentNegotiatingViewResolver - Selected 'text/html' given [text/html, application/xhtml+xml, image/avif, image/webp, image/apng, application/xml;q=0.9, application/signed-exchange;v=b3;q=0.7, */*;q=0.8]
2024-12-23 15:57:48 [http-nio-8081-exec-6] DEBUG o.s.web.servlet.DispatcherServlet - Completed 200 OK
2024-12-23 15:57:52 [http-nio-8081-exec-7] DEBUG o.s.web.servlet.DispatcherServlet - GET "/bookmanage", parameters={}
2024-12-23 15:57:52 [http-nio-8081-exec-7] DEBUG o.s.w.s.m.m.a.RequestMappingHandlerMapping - Mapped to top.cengweiye.library.Controller.BookManageController#getBooks(int, int, Model, HttpServletRequest)
2024-12-23 15:57:52 [http-nio-8081-exec-7] DEBUG o.s.jdbc.datasource.DataSourceUtils - Setting JDBC Connection [HikariProxyConnection@1530496313 wrapping com.mysql.cj.jdbc.ConnectionImpl@5d232986] read-only
2024-12-23 15:57:52 [http-nio-8081-exec-7] DEBUG org.hibernate.SQL - select book0_.book_id as book_id1_2_, book0_.book_name as book_nam2_2_, book0_.bookrack_id as bookrack3_2_, book0_.publication_date as publicat4_2_, book0_.publisher as publishe5_2_, book0_.status as status6_2_ from books book0_ limit ?
2024-12-23 15:57:52 [http-nio-8081-exec-7] DEBUG org.hibernate.SQL - select count(book0_.book_id) as col_0_0_ from books book0_
2024-12-23 15:57:52 [http-nio-8081-exec-7] DEBUG o.s.jdbc.datasource.DataSourceUtils - Resetting read-only flag of JDBC Connection [HikariProxyConnection@1530496313 wrapping com.mysql.cj.jdbc.ConnectionImpl@5d232986]
2024-12-23 15:57:52 [http-nio-8081-exec-7] DEBUG o.s.w.s.v.ContentNegotiatingViewResolver - Selected 'text/html' given [text/html, application/xhtml+xml, image/avif, image/webp, image/apng, application/xml;q=0.9, application/signed-exchange;v=b3;q=0.7, */*;q=0.8]
2024-12-23 15:57:52 [http-nio-8081-exec-7] DEBUG o.s.web.servlet.DispatcherServlet - Completed 200 OK
2024-12-23 15:57:53 [http-nio-8081-exec-8] DEBUG o.s.web.servlet.DispatcherServlet - GET "/usermanage", parameters={}
2024-12-23 15:57:53 [http-nio-8081-exec-8] DEBUG o.s.w.s.m.m.a.RequestMappingHandlerMapping - Mapped to top.cengweiye.library.Controller.UsermanageController#getBooks(int, int, Model)
2024-12-23 15:57:53 [http-nio-8081-exec-8] DEBUG o.s.jdbc.datasource.DataSourceUtils - Setting JDBC Connection [HikariProxyConnection@1706313599 wrapping com.mysql.cj.jdbc.ConnectionImpl@5d232986] read-only
2024-12-23 15:57:53 [http-nio-8081-exec-8] DEBUG org.hibernate.SQL - select blacklist0_.borrow_book_id as borrow_b1_0_, blacklist0_.name as name2_0_, blacklist0_.reason as reason3_0_ from blacklist blacklist0_ limit ?
2024-12-23 15:57:53 [http-nio-8081-exec-8] DEBUG o.s.jdbc.datasource.DataSourceUtils - Resetting read-only flag of JDBC Connection [HikariProxyConnection@1706313599 wrapping com.mysql.cj.jdbc.ConnectionImpl@5d232986]
2024-12-23 15:57:53 [http-nio-8081-exec-8] DEBUG o.s.w.s.v.ContentNegotiatingViewResolver - Selected 'text/html' given [text/html, application/xhtml+xml, image/avif, image/webp, image/apng, application/xml;q=0.9, application/signed-exchange;v=b3;q=0.7, */*;q=0.8]
2024-12-23 15:57:53 [http-nio-8081-exec-8] DEBUG o.s.web.servlet.DispatcherServlet - Completed 200 OK
2024-12-23 15:58:20 [http-nio-8081-exec-9] DEBUG o.s.web.servlet.DispatcherServlet - GET "/bookmanage", parameters={}
2024-12-23 15:58:20 [http-nio-8081-exec-9] DEBUG o.s.w.s.m.m.a.RequestMappingHandlerMapping - Mapped to top.cengweiye.library.Controller.BookManageController#getBooks(int, int, Model, HttpServletRequest)
2024-12-23 15:58:20 [http-nio-8081-exec-9] DEBUG o.s.jdbc.datasource.DataSourceUtils - Setting JDBC Connection [HikariProxyConnection@470240162 wrapping com.mysql.cj.jdbc.ConnectionImpl@5d232986] read-only
2024-12-23 15:58:20 [http-nio-8081-exec-9] DEBUG org.hibernate.SQL - select book0_.book_id as book_id1_2_, book0_.book_name as book_nam2_2_, book0_.bookrack_id as bookrack3_2_, book0_.publication_date as publicat4_2_, book0_.publisher as publishe5_2_, book0_.status as status6_2_ from books book0_ limit ?
2024-12-23 15:58:20 [http-nio-8081-exec-9] DEBUG org.hibernate.SQL - select count(book0_.book_id) as col_0_0_ from books book0_
2024-12-23 15:58:20 [http-nio-8081-exec-9] DEBUG o.s.jdbc.datasource.DataSourceUtils - Resetting read-only flag of JDBC Connection [HikariProxyConnection@470240162 wrapping com.mysql.cj.jdbc.ConnectionImpl@5d232986]
2024-12-23 15:58:20 [http-nio-8081-exec-9] DEBUG o.s.w.s.v.ContentNegotiatingViewResolver - Selected 'text/html' given [text/html, application/xhtml+xml, image/avif, image/webp, image/apng, application/xml;q=0.9, application/signed-exchange;v=b3;q=0.7, */*;q=0.8]
2024-12-23 15:58:20 [http-nio-8081-exec-9] DEBUG o.s.web.servlet.DispatcherServlet - Completed 200 OK
2024-12-23 15:58:21 [http-nio-8081-exec-10] DEBUG o.s.web.servlet.DispatcherServlet - GET "/", parameters={}
2024-12-23 15:58:21 [http-nio-8081-exec-10] DEBUG o.s.w.s.m.m.a.RequestMappingHandlerMapping - Mapped to top.cengweiye.library.Controller.BookController#getBooks(int, int, String, Model)
2024-12-23 15:58:21 [http-nio-8081-exec-10] DEBUG o.s.jdbc.datasource.DataSourceUtils - Setting JDBC Connection [HikariProxyConnection@66923568 wrapping com.mysql.cj.jdbc.ConnectionImpl@5d232986] read-only
2024-12-23 15:58:21 [http-nio-8081-exec-10] DEBUG org.hibernate.SQL - select book0_.book_id as book_id1_2_, book0_.book_name as book_nam2_2_, book0_.bookrack_id as bookrack3_2_, book0_.publication_date as publicat4_2_, book0_.publisher as publishe5_2_, book0_.status as status6_2_ from books book0_ limit ?
2024-12-23 15:58:21 [http-nio-8081-exec-10] DEBUG org.hibernate.SQL - select count(book0_.book_id) as col_0_0_ from books book0_
2024-12-23 15:58:21 [http-nio-8081-exec-10] DEBUG o.s.jdbc.datasource.DataSourceUtils - Resetting read-only flag of JDBC Connection [HikariProxyConnection@66923568 wrapping com.mysql.cj.jdbc.ConnectionImpl@5d232986]
2024-12-23 15:58:21 [http-nio-8081-exec-10] DEBUG o.s.w.s.v.ContentNegotiatingViewResolver - Selected 'text/html' given [text/html, application/xhtml+xml, image/avif, image/webp, image/apng, application/xml;q=0.9, application/signed-exchange;v=b3;q=0.7, */*;q=0.8]
2024-12-23 15:58:21 [http-nio-8081-exec-10] DEBUG o.s.web.servlet.DispatcherServlet - Completed 200 OK
2024-12-23 15:58:29 [http-nio-8081-exec-1] DEBUG o.s.web.servlet.DispatcherServlet - GET "/person", parameters={}
2024-12-23 15:58:29 [http-nio-8081-exec-1] DEBUG o.s.w.s.m.m.a.RequestMappingHandlerMapping - Mapped to top.cengweiye.library.Controller.PersonController#getperson(int, int, Model, HttpServletRequest)
2024-12-23 15:58:29 [http-nio-8081-exec-1] DEBUG org.hibernate.SQL - select reader0_.borrow_book_id as borrow_b1_5_, reader0_.address as address2_5_, reader0_.age as age3_5_, reader0_.name as name4_5_, reader0_.password as password5_5_, reader0_.role as role6_5_, reader0_.sex as sex7_5_ from reader reader0_ where reader0_.name=?
2024-12-23 15:58:29 [http-nio-8081-exec-1] TRACE o.h.type.descriptor.sql.BasicBinder - binding parameter [1] as [VARCHAR] - [admin]
2024-12-23 15:58:29 [http-nio-8081-exec-1] DEBUG org.hibernate.SQL - select borrow0_.book_id as book_id1_3_, borrow0_.borrow_book_id as borrow_b2_3_, borrow0_.borrow_date as borrow_d3_3_, borrow0_.return_date as return_d4_3_ from borrow borrow0_ where borrow0_.borrow_book_id=? limit ?
2024-12-23 15:58:29 [http-nio-8081-exec-1] TRACE o.h.type.descriptor.sql.BasicBinder - binding parameter [1] as [INTEGER] - [2]
2024-12-23 15:58:29 [http-nio-8081-exec-1] DEBUG o.s.w.s.v.ContentNegotiatingViewResolver - Selected 'text/html' given [text/html, application/xhtml+xml, image/avif, image/webp, image/apng, application/xml;q=0.9, application/signed-exchange;v=b3;q=0.7, */*;q=0.8]
2024-12-23 15:58:29 [http-nio-8081-exec-1] DEBUG o.s.web.servlet.DispatcherServlet - Completed 200 OK
2024-12-23 15:58:39 [http-nio-8081-exec-3] DEBUG o.s.web.servlet.DispatcherServlet - GET "/bookmanage", parameters={}
2024-12-23 15:58:39 [http-nio-8081-exec-3] DEBUG o.s.w.s.m.m.a.RequestMappingHandlerMapping - Mapped to top.cengweiye.library.Controller.BookManageController#getBooks(int, int, Model, HttpServletRequest)
2024-12-23 15:58:39 [http-nio-8081-exec-3] DEBUG o.s.jdbc.datasource.DataSourceUtils - Setting JDBC Connection [HikariProxyConnection@1349338142 wrapping com.mysql.cj.jdbc.ConnectionImpl@5d232986] read-only
2024-12-23 15:58:39 [http-nio-8081-exec-3] DEBUG org.hibernate.SQL - select book0_.book_id as book_id1_2_, book0_.book_name as book_nam2_2_, book0_.bookrack_id as bookrack3_2_, book0_.publication_date as publicat4_2_, book0_.publisher as publishe5_2_, book0_.status as status6_2_ from books book0_ limit ?
2024-12-23 15:58:39 [http-nio-8081-exec-3] DEBUG org.hibernate.SQL - select count(book0_.book_id) as col_0_0_ from books book0_
2024-12-23 15:58:39 [http-nio-8081-exec-3] DEBUG o.s.jdbc.datasource.DataSourceUtils - Resetting read-only flag of JDBC Connection [HikariProxyConnection@1349338142 wrapping com.mysql.cj.jdbc.ConnectionImpl@5d232986]
2024-12-23 15:58:39 [http-nio-8081-exec-3] DEBUG o.s.w.s.v.ContentNegotiatingViewResolver - Selected 'text/html' given [text/html, application/xhtml+xml, image/avif, image/webp, image/apng, application/xml;q=0.9, application/signed-exchange;v=b3;q=0.7, */*;q=0.8]
2024-12-23 15:58:39 [http-nio-8081-exec-3] DEBUG o.s.web.servlet.DispatcherServlet - Completed 200 OK
2024-12-23 15:58:43 [http-nio-8081-exec-4] DEBUG o.s.web.servlet.DispatcherServlet - POST "/deletebook", parameters={}
2024-12-23 15:58:43 [http-nio-8081-exec-4] DEBUG o.s.w.s.m.m.a.RequestMappingHandlerMapping - Mapped to top.cengweiye.library.Controller.DeleteBookController#deleteBook(ReturnRequest)
2024-12-23 15:58:43 [http-nio-8081-exec-4] DEBUG o.s.w.s.m.m.a.RequestResponseBodyMethodProcessor - Read "application/json;charset=UTF-8" to [top.cengweiye.library.domain.ReturnRequest@4810cd3d]
2024-12-23 15:58:43 [http-nio-8081-exec-4] DEBUG org.hibernate.SQL - select borrow0_.book_id as book_id1_3_, borrow0_.borrow_book_id as borrow_b2_3_, borrow0_.borrow_date as borrow_d3_3_, borrow0_.return_date as return_d4_3_ from borrow borrow0_ where borrow0_.book_id=?
2024-12-23 15:58:43 [http-nio-8081-exec-4] TRACE o.h.type.descriptor.sql.BasicBinder - binding parameter [1] as [INTEGER] - [3]
2024-12-23 15:58:43 [http-nio-8081-exec-4] DEBUG org.hibernate.SQL - select book0_.book_id as book_id1_2_, book0_.book_name as book_nam2_2_, book0_.bookrack_id as bookrack3_2_, book0_.publication_date as publicat4_2_, book0_.publisher as publishe5_2_, book0_.status as status6_2_ from books book0_ where book0_.book_id=?
2024-12-23 15:58:43 [http-nio-8081-exec-4] TRACE o.h.type.descriptor.sql.BasicBinder - binding parameter [1] as [INTEGER] - [3]
2024-12-23 15:58:43 [http-nio-8081-exec-4] DEBUG org.hibernate.SQL - delete from books where book_id=?
2024-12-23 15:58:43 [http-nio-8081-exec-4] TRACE o.h.type.descriptor.sql.BasicBinder - binding parameter [1] as [INTEGER] - [3]
2024-12-23 15:58:43 [http-nio-8081-exec-4] DEBUG o.s.w.s.m.m.a.RequestResponseBodyMethodProcessor - Using 'application/json', given [*/*] and supported [application/json, application/*+json, application/json, application/*+json]
2024-12-23 15:58:43 [http-nio-8081-exec-4] DEBUG o.s.w.s.m.m.a.RequestResponseBodyMethodProcessor - Writing [top.cengweiye.library.Utilities.Result@4a777c84]
2024-12-23 15:58:43 [http-nio-8081-exec-4] DEBUG o.s.web.servlet.DispatcherServlet - Completed 200 OK
2024-12-23 15:58:44 [http-nio-8081-exec-5] DEBUG o.s.web.servlet.DispatcherServlet - GET "/bookmanage", parameters={}
2024-12-23 15:58:44 [http-nio-8081-exec-5] DEBUG o.s.w.s.m.m.a.RequestMappingHandlerMapping - Mapped to top.cengweiye.library.Controller.BookManageController#getBooks(int, int, Model, HttpServletRequest)
2024-12-23 15:58:44 [http-nio-8081-exec-5] DEBUG o.s.jdbc.datasource.DataSourceUtils - Setting JDBC Connection [HikariProxyConnection@190464404 wrapping com.mysql.cj.jdbc.ConnectionImpl@5d232986] read-only
2024-12-23 15:58:44 [http-nio-8081-exec-5] DEBUG org.hibernate.SQL - select book0_.book_id as book_id1_2_, book0_.book_name as book_nam2_2_, book0_.bookrack_id as bookrack3_2_, book0_.publication_date as publicat4_2_, book0_.publisher as publishe5_2_, book0_.status as status6_2_ from books book0_ limit ?
2024-12-23 15:58:44 [http-nio-8081-exec-5] DEBUG org.hibernate.SQL - select count(book0_.book_id) as col_0_0_ from books book0_
2024-12-23 15:58:44 [http-nio-8081-exec-5] DEBUG o.s.jdbc.datasource.DataSourceUtils - Resetting read-only flag of JDBC Connection [HikariProxyConnection@190464404 wrapping com.mysql.cj.jdbc.ConnectionImpl@5d232986]
2024-12-23 15:58:44 [http-nio-8081-exec-5] DEBUG o.s.w.s.v.ContentNegotiatingViewResolver - Selected 'text/html' given [text/html, application/xhtml+xml, image/avif, image/webp, image/apng, application/xml;q=0.9, application/signed-exchange;v=b3;q=0.7, */*;q=0.8]
2024-12-23 15:58:44 [http-nio-8081-exec-5] DEBUG o.s.web.servlet.DispatcherServlet - Completed 200 OK
2024-12-23 15:58:45 [http-nio-8081-exec-6] DEBUG o.s.web.servlet.DispatcherServlet - POST "/deletebook", parameters={}
2024-12-23 15:58:45 [http-nio-8081-exec-6] DEBUG o.s.w.s.m.m.a.RequestMappingHandlerMapping - Mapped to top.cengweiye.library.Controller.DeleteBookController#deleteBook(ReturnRequest)
2024-12-23 15:58:45 [http-nio-8081-exec-6] DEBUG o.s.w.s.m.m.a.RequestResponseBodyMethodProcessor - Read "application/json;charset=UTF-8" to [top.cengweiye.library.domain.ReturnRequest@48a39e38]
2024-12-23 15:58:45 [http-nio-8081-exec-6] DEBUG org.hibernate.SQL - select borrow0_.book_id as book_id1_3_, borrow0_.borrow_book_id as borrow_b2_3_, borrow0_.borrow_date as borrow_d3_3_, borrow0_.return_date as return_d4_3_ from borrow borrow0_ where borrow0_.book_id=?
2024-12-23 15:58:45 [http-nio-8081-exec-6] TRACE o.h.type.descriptor.sql.BasicBinder - binding parameter [1] as [INTEGER] - [4]
2024-12-23 15:58:45 [http-nio-8081-exec-6] DEBUG org.hibernate.SQL - select book0_.book_id as book_id1_2_, book0_.book_name as book_nam2_2_, book0_.bookrack_id as bookrack3_2_, book0_.publication_date as publicat4_2_, book0_.publisher as publishe5_2_, book0_.status as status6_2_ from books book0_ where book0_.book_id=?
2024-12-23 15:58:45 [http-nio-8081-exec-6] TRACE o.h.type.descriptor.sql.BasicBinder - binding parameter [1] as [INTEGER] - [4]
2024-12-23 15:58:45 [http-nio-8081-exec-6] DEBUG org.hibernate.SQL - delete from books where book_id=?
2024-12-23 15:58:45 [http-nio-8081-exec-6] TRACE o.h.type.descriptor.sql.BasicBinder - binding parameter [1] as [INTEGER] - [4]
2024-12-23 15:58:45 [http-nio-8081-exec-6] DEBUG o.s.w.s.m.m.a.RequestResponseBodyMethodProcessor - Using 'application/json', given [*/*] and supported [application/json, application/*+json, application/json, application/*+json]
2024-12-23 15:58:45 [http-nio-8081-exec-6] DEBUG o.s.w.s.m.m.a.RequestResponseBodyMethodProcessor - Writing [top.cengweiye.library.Utilities.Result@77a2434b]
2024-12-23 15:58:45 [http-nio-8081-exec-6] DEBUG o.s.web.servlet.DispatcherServlet - Completed 200 OK
2024-12-23 15:58:47 [http-nio-8081-exec-7] DEBUG o.s.web.servlet.DispatcherServlet - GET "/bookmanage", parameters={}
2024-12-23 15:58:47 [http-nio-8081-exec-7] DEBUG o.s.w.s.m.m.a.RequestMappingHandlerMapping - Mapped to top.cengweiye.library.Controller.BookManageController#getBooks(int, int, Model, HttpServletRequest)
2024-12-23 15:58:47 [http-nio-8081-exec-7] DEBUG o.s.jdbc.datasource.DataSourceUtils - Setting JDBC Connection [HikariProxyConnection@609815226 wrapping com.mysql.cj.jdbc.ConnectionImpl@5d232986] read-only
2024-12-23 15:58:47 [http-nio-8081-exec-7] DEBUG org.hibernate.SQL - select book0_.book_id as book_id1_2_, book0_.book_name as book_nam2_2_, book0_.bookrack_id as bookrack3_2_, book0_.publication_date as publicat4_2_, book0_.publisher as publishe5_2_, book0_.status as status6_2_ from books book0_ limit ?
2024-12-23 15:58:47 [http-nio-8081-exec-7] DEBUG o.s.jdbc.datasource.DataSourceUtils - Resetting read-only flag of JDBC Connection [HikariProxyConnection@609815226 wrapping com.mysql.cj.jdbc.ConnectionImpl@5d232986]
2024-12-23 15:58:47 [http-nio-8081-exec-7] DEBUG o.s.w.s.v.ContentNegotiatingViewResolver - Selected 'text/html' given [text/html, application/xhtml+xml, image/avif, image/webp, image/apng, application/xml;q=0.9, application/signed-exchange;v=b3;q=0.7, */*;q=0.8]
2024-12-23 15:58:47 [http-nio-8081-exec-7] DEBUG o.s.web.servlet.DispatcherServlet - Completed 200 OK
2024-12-23 15:58:48 [http-nio-8081-exec-8] DEBUG o.s.web.servlet.DispatcherServlet - GET "/", parameters={}
2024-12-23 15:58:48 [http-nio-8081-exec-8] DEBUG o.s.w.s.m.m.a.RequestMappingHandlerMapping - Mapped to top.cengweiye.library.Controller.BookController#getBooks(int, int, String, Model)
2024-12-23 15:58:48 [http-nio-8081-exec-8] DEBUG o.s.jdbc.datasource.DataSourceUtils - Setting JDBC Connection [HikariProxyConnection@1774833760 wrapping com.mysql.cj.jdbc.ConnectionImpl@5d232986] read-only
2024-12-23 15:58:48 [http-nio-8081-exec-8] DEBUG org.hibernate.SQL - select book0_.book_id as book_id1_2_, book0_.book_name as book_nam2_2_, book0_.bookrack_id as bookrack3_2_, book0_.publication_date as publicat4_2_, book0_.publisher as publishe5_2_, book0_.status as status6_2_ from books book0_ limit ?
2024-12-23 15:58:48 [http-nio-8081-exec-8] DEBUG o.s.jdbc.datasource.DataSourceUtils - Resetting read-only flag of JDBC Connection [HikariProxyConnection@1774833760 wrapping com.mysql.cj.jdbc.ConnectionImpl@5d232986]
2024-12-23 15:58:48 [http-nio-8081-exec-8] DEBUG o.s.w.s.v.ContentNegotiatingViewResolver - Selected 'text/html' given [text/html, application/xhtml+xml, image/avif, image/webp, image/apng, application/xml;q=0.9, application/signed-exchange;v=b3;q=0.7, */*;q=0.8]
2024-12-23 15:58:48 [http-nio-8081-exec-8] DEBUG o.s.web.servlet.DispatcherServlet - Completed 200 OK
2024-12-23 16:02:47 [http-nio-8081-exec-1] DEBUG o.s.web.servlet.DispatcherServlet - GET "/person", parameters={}
2024-12-23 16:02:47 [http-nio-8081-exec-1] DEBUG o.s.w.s.m.m.a.RequestMappingHandlerMapping - Mapped to top.cengweiye.library.Controller.PersonController#getperson(int, int, Model, HttpServletRequest)
2024-12-23 16:02:47 [http-nio-8081-exec-1] DEBUG org.hibernate.SQL - select reader0_.borrow_book_id as borrow_b1_5_, reader0_.address as address2_5_, reader0_.age as age3_5_, reader0_.name as name4_5_, reader0_.password as password5_5_, reader0_.role as role6_5_, reader0_.sex as sex7_5_ from reader reader0_ where reader0_.name=?
2024-12-23 16:02:47 [http-nio-8081-exec-1] TRACE o.h.type.descriptor.sql.BasicBinder - binding parameter [1] as [VARCHAR] - [admin]
2024-12-23 16:02:47 [http-nio-8081-exec-1] DEBUG org.hibernate.SQL - select borrow0_.book_id as book_id1_3_, borrow0_.borrow_book_id as borrow_b2_3_, borrow0_.borrow_date as borrow_d3_3_, borrow0_.return_date as return_d4_3_ from borrow borrow0_ where borrow0_.borrow_book_id=? limit ?
2024-12-23 16:02:47 [http-nio-8081-exec-1] TRACE o.h.type.descriptor.sql.BasicBinder - binding parameter [1] as [INTEGER] - [2]
2024-12-23 16:02:47 [http-nio-8081-exec-1] DEBUG o.s.w.s.v.ContentNegotiatingViewResolver - Selected 'text/html' given [text/html, application/xhtml+xml, image/avif, image/webp, image/apng, application/xml;q=0.9, application/signed-exchange;v=b3;q=0.7, */*;q=0.8]
2024-12-23 16:02:47 [http-nio-8081-exec-1] DEBUG o.s.web.servlet.DispatcherServlet - Completed 200 OK
2024-12-23 16:02:48 [http-nio-8081-exec-4] DEBUG o.s.web.servlet.DispatcherServlet - GET "/bookmanage", parameters={}
2024-12-23 16:02:48 [http-nio-8081-exec-4] DEBUG o.s.w.s.m.m.a.RequestMappingHandlerMapping - Mapped to top.cengweiye.library.Controller.BookManageController#getBooks(int, int, Model, HttpServletRequest)
2024-12-23 16:02:48 [http-nio-8081-exec-4] DEBUG o.s.jdbc.datasource.DataSourceUtils - Setting JDBC Connection [HikariProxyConnection@937233116 wrapping com.mysql.cj.jdbc.ConnectionImpl@5d232986] read-only
2024-12-23 16:02:48 [http-nio-8081-exec-4] DEBUG org.hibernate.SQL - select book0_.book_id as book_id1_2_, book0_.book_name as book_nam2_2_, book0_.bookrack_id as bookrack3_2_, book0_.publication_date as publicat4_2_, book0_.publisher as publishe5_2_, book0_.status as status6_2_ from books book0_ limit ?
2024-12-23 16:02:48 [http-nio-8081-exec-4] DEBUG o.s.jdbc.datasource.DataSourceUtils - Resetting read-only flag of JDBC Connection [HikariProxyConnection@937233116 wrapping com.mysql.cj.jdbc.ConnectionImpl@5d232986]
2024-12-23 16:02:48 [http-nio-8081-exec-4] DEBUG o.s.w.s.v.ContentNegotiatingViewResolver - Selected 'text/html' given [text/html, application/xhtml+xml, image/avif, image/webp, image/apng, application/xml;q=0.9, application/signed-exchange;v=b3;q=0.7, */*;q=0.8]
2024-12-23 16:02:48 [http-nio-8081-exec-4] DEBUG o.s.web.servlet.DispatcherServlet - Completed 200 OK
2024-12-23 16:02:49 [http-nio-8081-exec-5] DEBUG o.s.web.servlet.DispatcherServlet - GET "/usermanage", parameters={}
2024-12-23 16:02:49 [http-nio-8081-exec-5] DEBUG o.s.w.s.m.m.a.RequestMappingHandlerMapping - Mapped to top.cengweiye.library.Controller.UsermanageController#getBooks(int, int, Model)
2024-12-23 16:02:49 [http-nio-8081-exec-5] DEBUG o.s.jdbc.datasource.DataSourceUtils - Setting JDBC Connection [HikariProxyConnection@417752520 wrapping com.mysql.cj.jdbc.ConnectionImpl@5d232986] read-only
2024-12-23 16:02:49 [http-nio-8081-exec-5] DEBUG org.hibernate.SQL - select blacklist0_.borrow_book_id as borrow_b1_0_, blacklist0_.name as name2_0_, blacklist0_.reason as reason3_0_ from blacklist blacklist0_ limit ?
2024-12-23 16:02:49 [http-nio-8081-exec-5] DEBUG o.s.jdbc.datasource.DataSourceUtils - Resetting read-only flag of JDBC Connection [HikariProxyConnection@417752520 wrapping com.mysql.cj.jdbc.ConnectionImpl@5d232986]
2024-12-23 16:02:49 [http-nio-8081-exec-5] DEBUG o.s.w.s.v.ContentNegotiatingViewResolver - Selected 'text/html' given [text/html, application/xhtml+xml, image/avif, image/webp, image/apng, application/xml;q=0.9, application/signed-exchange;v=b3;q=0.7, */*;q=0.8]
2024-12-23 16:02:49 [http-nio-8081-exec-5] DEBUG o.s.web.servlet.DispatcherServlet - Completed 200 OK
2024-12-23 16:28:01 [SpringApplicationShutdownHook] INFO  o.s.o.j.LocalContainerEntityManagerFactoryBean - Closing JPA EntityManagerFactory for persistence unit 'default'
2024-12-23 16:28:01 [SpringApplicationShutdownHook] INFO  com.zaxxer.hikari.HikariDataSource - HikariPool-1 - Shutdown initiated...
2024-12-23 16:28:01 [SpringApplicationShutdownHook] INFO  com.zaxxer.hikari.HikariDataSource - HikariPool-1 - Shutdown completed.
